<?xml version="1.0" encoding="UTF-8"?>
<!-- Generated by org.testng.reporters.JUnitXMLReporter -->
<testsuite ignored="0" hostname="DESKTOP-N9F7EI8" failures="2" tests="894" name="DBP" time="784.468" errors="0" timestamp="2024-05-31T15:51:29 IST">
  <testcase classname="extend_Login.Login_Page" name="@BeforeClass Setup" time="22.695">
    <failure type="org.openqa.selenium.NoSuchElementException" message="no such element: Unable to locate element: {&amp;quot;method&amp;quot;:&amp;quot;css selector&amp;quot;,&amp;quot;selector&amp;quot;:&amp;quot;[class=&amp;quot;dealer-business px-0 py-4&amp;quot;]&amp;quot;}
  (Session info: chrome=125.0.6422.141)
For documentation on this error, please visit: https://www.selenium.dev/documentation/webdriver/troubleshooting/errors#no-such-element-exception
Build info: version: &amp;apos;4.20.0&amp;apos;, revision: &amp;apos;866c76ca80&amp;apos;
System info: os.name: &amp;apos;Windows 11&amp;apos;, os.arch: &amp;apos;amd64&amp;apos;, os.version: &amp;apos;10.0&amp;apos;, java.version: &amp;apos;20.0.2&amp;apos;
Driver info: org.openqa.selenium.chrome.ChromeDriver
Command: [4ab377be9e28dba48df646031c8436fb, findElement {value=[class=&amp;quot;dealer-business px-0 py-4&amp;quot;], using=css selector}]
Capabilities {acceptInsecureCerts: false, browserName: chrome, browserVersion: 125.0.6422.141, chrome: {chromedriverVersion: 125.0.6422.141 (4b1e8393712..., userDataDir: C:\Users\Thinkpad\AppData\L...}, fedcm:accounts: true, goog:chromeOptions: {debuggerAddress: localhost:49574}, networkConnectionEnabled: false, pageLoadStrategy: normal, platformName: windows, proxy: Proxy(), se:cdp: ws://localhost:49574/devtoo..., se:cdpVersion: 125.0.6422.141, setWindowRect: true, strictFileInteractability: false, timeouts: {implicit: 0, pageLoad: 300000, script: 30000}, unhandledPromptBehavior: dismiss and notify, webauthn:extension:credBlob: true, webauthn:extension:largeBlob: true, webauthn:extension:minPinLength: true, webauthn:extension:prf: true, webauthn:virtualAuthenticators: true}
Session ID: 4ab377be9e28dba48df646031c8436fb">
      <![CDATA[org.openqa.selenium.NoSuchElementException: no such element: Unable to locate element: {"method":"css selector","selector":"[class="dealer-business px-0 py-4"]"}
  (Session info: chrome=125.0.6422.141)
For documentation on this error, please visit: https://www.selenium.dev/documentation/webdriver/troubleshooting/errors#no-such-element-exception
Build info: version: '4.20.0', revision: '866c76ca80'
System info: os.name: 'Windows 11', os.arch: 'amd64', os.version: '10.0', java.version: '20.0.2'
Driver info: org.openqa.selenium.chrome.ChromeDriver
Command: [4ab377be9e28dba48df646031c8436fb, findElement {value=[class="dealer-business px-0 py-4"], using=css selector}]
Capabilities {acceptInsecureCerts: false, browserName: chrome, browserVersion: 125.0.6422.141, chrome: {chromedriverVersion: 125.0.6422.141 (4b1e8393712..., userDataDir: C:\Users\Thinkpad\AppData\L...}, fedcm:accounts: true, goog:chromeOptions: {debuggerAddress: localhost:49574}, networkConnectionEnabled: false, pageLoadStrategy: normal, platformName: windows, proxy: Proxy(), se:cdp: ws://localhost:49574/devtoo..., se:cdpVersion: 125.0.6422.141, setWindowRect: true, strictFileInteractability: false, timeouts: {implicit: 0, pageLoad: 300000, script: 30000}, unhandledPromptBehavior: dismiss and notify, webauthn:extension:credBlob: true, webauthn:extension:largeBlob: true, webauthn:extension:minPinLength: true, webauthn:extension:prf: true, webauthn:virtualAuthenticators: true}
Session ID: 4ab377be9e28dba48df646031c8436fb
at org.openqa.selenium.remote.ErrorCodec.decode(ErrorCodec.java:167)
at org.openqa.selenium.remote.codec.w3c.W3CHttpResponseCodec.decode(W3CHttpResponseCodec.java:138)
at org.openqa.selenium.remote.codec.w3c.W3CHttpResponseCodec.decode(W3CHttpResponseCodec.java:50)
at org.openqa.selenium.remote.HttpCommandExecutor.execute(HttpCommandExecutor.java:190)
at org.openqa.selenium.remote.service.DriverCommandExecutor.invokeExecute(DriverCommandExecutor.java:216)
at org.openqa.selenium.remote.service.DriverCommandExecutor.execute(DriverCommandExecutor.java:174)
at org.openqa.selenium.remote.RemoteWebDriver.execute(RemoteWebDriver.java:518)
at org.openqa.selenium.remote.ElementLocation$ElementFinder$2.findElement(ElementLocation.java:165)
at org.openqa.selenium.remote.ElementLocation.findElement(ElementLocation.java:59)
at org.openqa.selenium.remote.RemoteWebDriver.findElement(RemoteWebDriver.java:355)
at org.openqa.selenium.remote.RemoteWebDriver.findElement(RemoteWebDriver.java:349)
at extend_Login.Login_Page.Setup(Login_Page.java:42)
at java.base/java.util.ArrayList.forEach(ArrayList.java:1511)
... Removed 26 stack frames]]>
    </failure>
  </testcase> <!-- @BeforeClass Setup -->
  <testcase classname="extend_Login.Discount" name="@BeforeClass discount" time="-1.717150207886E9">
    <skipped/>
  </testcase> <!-- @BeforeClass discount -->
  <testcase classname="extend_Login.Discount" name="@AfterClass tearDown" time="-1.717150207954E9">
    <skipped/>
  </testcase> <!-- @AfterClass tearDown -->
  <testcase classname="extend_Login.Login_Page" name="@BeforeClass Setup" time="18.484">
    <failure type="org.openqa.selenium.NoSuchElementException" message="no such element: Unable to locate element: {&amp;quot;method&amp;quot;:&amp;quot;css selector&amp;quot;,&amp;quot;selector&amp;quot;:&amp;quot;[class=&amp;quot;dealer-business px-0 py-4&amp;quot;]&amp;quot;}
  (Session info: chrome=125.0.6422.141)
For documentation on this error, please visit: https://www.selenium.dev/documentation/webdriver/troubleshooting/errors#no-such-element-exception
Build info: version: &amp;apos;4.20.0&amp;apos;, revision: &amp;apos;866c76ca80&amp;apos;
System info: os.name: &amp;apos;Windows 11&amp;apos;, os.arch: &amp;apos;amd64&amp;apos;, os.version: &amp;apos;10.0&amp;apos;, java.version: &amp;apos;20.0.2&amp;apos;
Driver info: org.openqa.selenium.chrome.ChromeDriver
Command: [e4d74135eb38d6a0df25c1f5a96748ea, findElement {value=[class=&amp;quot;dealer-business px-0 py-4&amp;quot;], using=css selector}]
Capabilities {acceptInsecureCerts: false, browserName: chrome, browserVersion: 125.0.6422.141, chrome: {chromedriverVersion: 125.0.6422.141 (4b1e8393712..., userDataDir: C:\Users\Thinkpad\AppData\L...}, fedcm:accounts: true, goog:chromeOptions: {debuggerAddress: localhost:49682}, networkConnectionEnabled: false, pageLoadStrategy: normal, platformName: windows, proxy: Proxy(), se:cdp: ws://localhost:49682/devtoo..., se:cdpVersion: 125.0.6422.141, setWindowRect: true, strictFileInteractability: false, timeouts: {implicit: 0, pageLoad: 300000, script: 30000}, unhandledPromptBehavior: dismiss and notify, webauthn:extension:credBlob: true, webauthn:extension:largeBlob: true, webauthn:extension:minPinLength: true, webauthn:extension:prf: true, webauthn:virtualAuthenticators: true}
Session ID: e4d74135eb38d6a0df25c1f5a96748ea">
      <![CDATA[org.openqa.selenium.NoSuchElementException: no such element: Unable to locate element: {"method":"css selector","selector":"[class="dealer-business px-0 py-4"]"}
  (Session info: chrome=125.0.6422.141)
For documentation on this error, please visit: https://www.selenium.dev/documentation/webdriver/troubleshooting/errors#no-such-element-exception
Build info: version: '4.20.0', revision: '866c76ca80'
System info: os.name: 'Windows 11', os.arch: 'amd64', os.version: '10.0', java.version: '20.0.2'
Driver info: org.openqa.selenium.chrome.ChromeDriver
Command: [e4d74135eb38d6a0df25c1f5a96748ea, findElement {value=[class="dealer-business px-0 py-4"], using=css selector}]
Capabilities {acceptInsecureCerts: false, browserName: chrome, browserVersion: 125.0.6422.141, chrome: {chromedriverVersion: 125.0.6422.141 (4b1e8393712..., userDataDir: C:\Users\Thinkpad\AppData\L...}, fedcm:accounts: true, goog:chromeOptions: {debuggerAddress: localhost:49682}, networkConnectionEnabled: false, pageLoadStrategy: normal, platformName: windows, proxy: Proxy(), se:cdp: ws://localhost:49682/devtoo..., se:cdpVersion: 125.0.6422.141, setWindowRect: true, strictFileInteractability: false, timeouts: {implicit: 0, pageLoad: 300000, script: 30000}, unhandledPromptBehavior: dismiss and notify, webauthn:extension:credBlob: true, webauthn:extension:largeBlob: true, webauthn:extension:minPinLength: true, webauthn:extension:prf: true, webauthn:virtualAuthenticators: true}
Session ID: e4d74135eb38d6a0df25c1f5a96748ea
at org.openqa.selenium.remote.ErrorCodec.decode(ErrorCodec.java:167)
at org.openqa.selenium.remote.codec.w3c.W3CHttpResponseCodec.decode(W3CHttpResponseCodec.java:138)
at org.openqa.selenium.remote.codec.w3c.W3CHttpResponseCodec.decode(W3CHttpResponseCodec.java:50)
at org.openqa.selenium.remote.HttpCommandExecutor.execute(HttpCommandExecutor.java:190)
at org.openqa.selenium.remote.service.DriverCommandExecutor.invokeExecute(DriverCommandExecutor.java:216)
at org.openqa.selenium.remote.service.DriverCommandExecutor.execute(DriverCommandExecutor.java:174)
at org.openqa.selenium.remote.RemoteWebDriver.execute(RemoteWebDriver.java:518)
at org.openqa.selenium.remote.ElementLocation$ElementFinder$2.findElement(ElementLocation.java:165)
at org.openqa.selenium.remote.ElementLocation.findElement(ElementLocation.java:59)
at org.openqa.selenium.remote.RemoteWebDriver.findElement(RemoteWebDriver.java:355)
at org.openqa.selenium.remote.RemoteWebDriver.findElement(RemoteWebDriver.java:349)
at extend_Login.Login_Page.Setup(Login_Page.java:42)
at java.base/java.util.ArrayList.forEach(ArrayList.java:1511)
... Removed 26 stack frames]]>
    </failure>
  </testcase> <!-- @BeforeClass Setup -->
  <testcase classname="extend_Login.ManpowerCost_TestNG" name="@BeforeClass ManpowerCount" time="-1.717150388976E9">
    <skipped/>
  </testcase> <!-- @BeforeClass ManpowerCount -->
  <testcase classname="extend_Login.ManpowerCost_TestNG" name="@AfterClass tearDown" time="-1.717150389212E9">
    <skipped/>
  </testcase> <!-- @AfterClass tearDown -->
  <testcase classname="extend_Login.Login_Page" name="@BeforeClass Setup" time="17.812">
    <failure type="org.openqa.selenium.NoSuchElementException" message="no such element: Unable to locate element: {&amp;quot;method&amp;quot;:&amp;quot;css selector&amp;quot;,&amp;quot;selector&amp;quot;:&amp;quot;[class=&amp;quot;dealer-business px-0 py-4&amp;quot;]&amp;quot;}
  (Session info: chrome=125.0.6422.141)
For documentation on this error, please visit: https://www.selenium.dev/documentation/webdriver/troubleshooting/errors#no-such-element-exception
Build info: version: &amp;apos;4.20.0&amp;apos;, revision: &amp;apos;866c76ca80&amp;apos;
System info: os.name: &amp;apos;Windows 11&amp;apos;, os.arch: &amp;apos;amd64&amp;apos;, os.version: &amp;apos;10.0&amp;apos;, java.version: &amp;apos;20.0.2&amp;apos;
Driver info: org.openqa.selenium.chrome.ChromeDriver
Command: [9f6e802d5dac378160b6e4d0244d8bf6, findElement {value=[class=&amp;quot;dealer-business px-0 py-4&amp;quot;], using=css selector}]
Capabilities {acceptInsecureCerts: false, browserName: chrome, browserVersion: 125.0.6422.141, chrome: {chromedriverVersion: 125.0.6422.141 (4b1e8393712..., userDataDir: C:\Users\Thinkpad\AppData\L...}, fedcm:accounts: true, goog:chromeOptions: {debuggerAddress: localhost:49989}, networkConnectionEnabled: false, pageLoadStrategy: normal, platformName: windows, proxy: Proxy(), se:cdp: ws://localhost:49989/devtoo..., se:cdpVersion: 125.0.6422.141, setWindowRect: true, strictFileInteractability: false, timeouts: {implicit: 0, pageLoad: 300000, script: 30000}, unhandledPromptBehavior: dismiss and notify, webauthn:extension:credBlob: true, webauthn:extension:largeBlob: true, webauthn:extension:minPinLength: true, webauthn:extension:prf: true, webauthn:virtualAuthenticators: true}
Session ID: 9f6e802d5dac378160b6e4d0244d8bf6">
      <![CDATA[org.openqa.selenium.NoSuchElementException: no such element: Unable to locate element: {"method":"css selector","selector":"[class="dealer-business px-0 py-4"]"}
  (Session info: chrome=125.0.6422.141)
For documentation on this error, please visit: https://www.selenium.dev/documentation/webdriver/troubleshooting/errors#no-such-element-exception
Build info: version: '4.20.0', revision: '866c76ca80'
System info: os.name: 'Windows 11', os.arch: 'amd64', os.version: '10.0', java.version: '20.0.2'
Driver info: org.openqa.selenium.chrome.ChromeDriver
Command: [9f6e802d5dac378160b6e4d0244d8bf6, findElement {value=[class="dealer-business px-0 py-4"], using=css selector}]
Capabilities {acceptInsecureCerts: false, browserName: chrome, browserVersion: 125.0.6422.141, chrome: {chromedriverVersion: 125.0.6422.141 (4b1e8393712..., userDataDir: C:\Users\Thinkpad\AppData\L...}, fedcm:accounts: true, goog:chromeOptions: {debuggerAddress: localhost:49989}, networkConnectionEnabled: false, pageLoadStrategy: normal, platformName: windows, proxy: Proxy(), se:cdp: ws://localhost:49989/devtoo..., se:cdpVersion: 125.0.6422.141, setWindowRect: true, strictFileInteractability: false, timeouts: {implicit: 0, pageLoad: 300000, script: 30000}, unhandledPromptBehavior: dismiss and notify, webauthn:extension:credBlob: true, webauthn:extension:largeBlob: true, webauthn:extension:minPinLength: true, webauthn:extension:prf: true, webauthn:virtualAuthenticators: true}
Session ID: 9f6e802d5dac378160b6e4d0244d8bf6
at org.openqa.selenium.remote.ErrorCodec.decode(ErrorCodec.java:167)
at org.openqa.selenium.remote.codec.w3c.W3CHttpResponseCodec.decode(W3CHttpResponseCodec.java:138)
at org.openqa.selenium.remote.codec.w3c.W3CHttpResponseCodec.decode(W3CHttpResponseCodec.java:50)
at org.openqa.selenium.remote.HttpCommandExecutor.execute(HttpCommandExecutor.java:190)
at org.openqa.selenium.remote.service.DriverCommandExecutor.invokeExecute(DriverCommandExecutor.java:216)
at org.openqa.selenium.remote.service.DriverCommandExecutor.execute(DriverCommandExecutor.java:174)
at org.openqa.selenium.remote.RemoteWebDriver.execute(RemoteWebDriver.java:518)
at org.openqa.selenium.remote.ElementLocation$ElementFinder$2.findElement(ElementLocation.java:165)
at org.openqa.selenium.remote.ElementLocation.findElement(ElementLocation.java:59)
at org.openqa.selenium.remote.RemoteWebDriver.findElement(RemoteWebDriver.java:355)
at org.openqa.selenium.remote.RemoteWebDriver.findElement(RemoteWebDriver.java:349)
at extend_Login.Login_Page.Setup(Login_Page.java:42)
at java.base/java.util.ArrayList.forEach(ArrayList.java:1511)
... Removed 26 stack frames]]>
    </failure>
  </testcase> <!-- @BeforeClass Setup -->
  <testcase classname="extend_Login.Maruti_Insurance" name="@BeforeClass MI" time="-1.717150556131E9">
    <skipped/>
  </testcase> <!-- @BeforeClass MI -->
  <testcase classname="extend_Login.Maruti_Insurance" name="@AfterClass tearDown" time="-1.717150556185E9">
    <skipped/>
  </testcase> <!-- @AfterClass tearDown -->
  <testcase classname="extend_Login.Network_Details" name="BodyShop_Main_Workshops_In_Network_details" time="0.145"/>
  <testcase classname="extend_Login.Network_Details" name="Bodyshop_E_Workshops_In_Network_details" time="0.062"/>
  <testcase classname="extend_Login.Network_Details" name="Bodyshop_MSSSP_In_Network_details" time="0.061"/>
  <testcase classname="extend_Login.Network_Details" name="Bodyshop_R_Workshops_In_Network_details" time="0.056"/>
  <testcase classname="extend_Login.Network_Details" name="E_Outlets_In_Network_details" time="0.065"/>
  <testcase classname="extend_Login.Network_Details" name="Main_Outlets_In_Network_details" time="0.057"/>
  <testcase classname="extend_Login.Network_Details" name="R_Outlets_In_Network_details" time="0.064"/>
  <testcase classname="extend_Login.Network_Details" name="True_Value_Outlet_In_Network_details" time="0.057"/>
  <testcase classname="extend_Login.Network_Details" name="Workshop_E_Workshops_In_Network_details" time="0.05"/>
  <testcase classname="extend_Login.Network_Details" name="Workshop_MSSSP_In_Network_details" time="0.031"/>
  <testcase classname="extend_Login.Network_Details" name="Workshop_Main_Workshops_In_Network_details" time="0.05"/>
  <testcase classname="extend_Login.Network_Details" name="Workshop_R_Workshops_In_Network_details" time="0.056"/>
  <testcase classname="extend_Login.Network_Details" name="clearData" time="7.636"/>
  <testcase classname="extend_Login.Network_Details" name="Save_the_Data" time="3.739"/>
  <testcase classname="extend_Login.STOCKS" name="CAlCULATION_OF_DRF_Per_Cars_In__BREZZA" time="0.0"/>
  <testcase classname="extend_Login.STOCKS" name="CAlCULATION_OF_DRF_Per_Cars_In__Celerio" time="0.0"/>
  <testcase classname="extend_Login.STOCKS" name="CAlCULATION_OF_DRF_Per_Cars_In__DZIRE" time="0.0"/>
  <testcase classname="extend_Login.STOCKS" name="CAlCULATION_OF_DRF_Per_Cars_In__EECO" time="0.0"/>
  <testcase classname="extend_Login.STOCKS" name="CAlCULATION_OF_DRF_Per_Cars_In__ERTIGA" time="0.001"/>
  <testcase classname="extend_Login.STOCKS" name="CAlCULATION_OF_DRF_Per_Cars_In__SUPER_CARRY" time="0.0"/>
  <testcase classname="extend_Login.STOCKS" name="CAlCULATION_OF_DRF_Per_Cars_In__SWIFT" time="0.0"/>
  <testcase classname="extend_Login.STOCKS" name="CAlCULATION_OF_DRF_Per_Cars_In__Spresso" time="0.0"/>
  <testcase classname="extend_Login.STOCKS" name="CAlCULATION_OF_DRF_Per_Cars_In__WAGON_R" time="0.0"/>
  <testcase classname="extend_Login.STOCKS" name="CAlCULATION_OF_DRF_per_Cars_In_ALTO" time="0.0"/>
  <testcase classname="extend_Login.STOCKS" name="CAlCULATION_OF_Discount_Per_Cars_ALTO" time="0.0"/>
  <testcase classname="extend_Login.STOCKS" name="CAlCULATION_OF_Margin_Per_Cars_In__BREZZA" time="0.0"/>
  <testcase classname="extend_Login.STOCKS" name="CAlCULATION_OF_Margin_Per_Cars_In__Celerio" time="0.0"/>
  <testcase classname="extend_Login.STOCKS" name="CAlCULATION_OF_Margin_Per_Cars_In__DZIRE" time="0.0"/>
  <testcase classname="extend_Login.STOCKS" name="CAlCULATION_OF_Margin_Per_Cars_In__EECO" time="0.0"/>
  <testcase classname="extend_Login.STOCKS" name="CAlCULATION_OF_Margin_Per_Cars_In__ERTIGA" time="0.0"/>
  <testcase classname="extend_Login.STOCKS" name="CAlCULATION_OF_Margin_Per_Cars_In__SUPER_CARRY" time="0.016"/>
  <testcase classname="extend_Login.STOCKS" name="CAlCULATION_OF_Margin_Per_Cars_In__SWIFT" time="0.0"/>
  <testcase classname="extend_Login.STOCKS" name="CAlCULATION_OF_Margin_Per_Cars_In__Spresso" time="0.0"/>
  <testcase classname="extend_Login.STOCKS" name="CAlCULATION_OF_Margin_Per_Cars_In__WAGON_R" time="0.0"/>
  <testcase classname="extend_Login.STOCKS" name="CAlCULATION_OF_Margin_per_Cars_In_ALTO" time="0.0"/>
  <testcase classname="extend_Login.STOCKS" name="CAlCULATION_OF_RETAIL_SALES_QTY_In__SUPER_CARRY" time="0.0"/>
  <testcase classname="extend_Login.STOCKS" name="CAlCULATION_OF_RETAIL_SALES_QTY_Of_ALTO" time="0.0"/>
  <testcase classname="extend_Login.STOCKS" name="CAlCULATION_OF_RETAIL_SALES_QTY_Of__BREZZA" time="0.0"/>
  <testcase classname="extend_Login.STOCKS" name="CAlCULATION_OF_RETAIL_SALES_QTY_Of__Celerio" time="0.0"/>
  <testcase classname="extend_Login.STOCKS" name="CAlCULATION_OF_RETAIL_SALES_QTY_Of__DZIRE" time="0.0"/>
  <testcase classname="extend_Login.STOCKS" name="CAlCULATION_OF_RETAIL_SALES_QTY_Of__EECO" time="0.0"/>
  <testcase classname="extend_Login.STOCKS" name="CAlCULATION_OF_RETAIL_SALES_QTY_Of__ERTIGA" time="0.0"/>
  <testcase classname="extend_Login.STOCKS" name="CAlCULATION_OF_RETAIL_SALES_QTY_Of__SPresso" time="0.0"/>
  <testcase classname="extend_Login.STOCKS" name="CAlCULATION_OF_RETAIL_SALES_QTY_Of__SWIFT" time="0.0"/>
  <testcase classname="extend_Login.STOCKS" name="CAlCULATION_OF_RETAIL_SALES_QTY_Of__WAGON_R" time="0.0"/>
  <testcase classname="extend_Login.STOCKS" name="CAlCULATION_OF_Total_Discount_In_ALTO" time="0.0"/>
  <testcase classname="extend_Login.STOCKS" name="CAlCULATION_OF_Total_Discount_In__BREZZA" time="0.0"/>
  <testcase classname="extend_Login.STOCKS" name="CAlCULATION_OF_Total_Discount_In__Celerio" time="0.001"/>
  <testcase classname="extend_Login.STOCKS" name="CAlCULATION_OF_Total_Discount_In__DZIRE" time="0.0"/>
  <testcase classname="extend_Login.STOCKS" name="CAlCULATION_OF_Total_Discount_In__EECO" time="0.0"/>
  <testcase classname="extend_Login.STOCKS" name="CAlCULATION_OF_Total_Discount_In__ERTIGA" time="0.0"/>
  <testcase classname="extend_Login.STOCKS" name="CAlCULATION_OF_Total_Discount_In__SUPER_CARRY" time="0.0"/>
  <testcase classname="extend_Login.STOCKS" name="CAlCULATION_OF_Total_Discount_In__SWIFT" time="0.0"/>
  <testcase classname="extend_Login.STOCKS" name="CAlCULATION_OF_Total_Discount_In__Spresso" time="0.014"/>
  <testcase classname="extend_Login.STOCKS" name="CAlCULATION_OF_Total_Discount_In__WAGON_R" time="0.0"/>
  <testcase classname="extend_Login.STOCKS" name="CAlCULATION_OF_discount_Per_Cars_In__BREZZA" time="0.0"/>
  <testcase classname="extend_Login.STOCKS" name="CAlCULATION_OF_discount_Per_Cars_In__Celerio" time="0.0"/>
  <testcase classname="extend_Login.STOCKS" name="CAlCULATION_OF_discount_Per_Cars_In__DZIRE" time="0.0"/>
  <testcase classname="extend_Login.STOCKS" name="CAlCULATION_OF_discount_Per_Cars_In__EECO" time="0.0"/>
  <testcase classname="extend_Login.STOCKS" name="CAlCULATION_OF_discount_Per_Cars_In__ERTIGA" time="0.0"/>
  <testcase classname="extend_Login.STOCKS" name="CAlCULATION_OF_discount_Per_Cars_In__SUPER_CARRY" time="0.0"/>
  <testcase classname="extend_Login.STOCKS" name="CAlCULATION_OF_discount_Per_Cars_In__SWIFT" time="0.0"/>
  <testcase classname="extend_Login.STOCKS" name="CAlCULATION_OF_discount_Per_Cars_In__Spresso" time="0.009"/>
  <testcase classname="extend_Login.STOCKS" name="CAlCULATION_OF_discount_Per_Cars_In__WAGON_R" time="0.004"/>
  <testcase classname="extend_Login.STOCKS" name="CAlCULATION_OF_margin_Amount_In_ALTO" time="0.0"/>
  <testcase classname="extend_Login.STOCKS" name="CAlCULATION_OF_margin_Amount_In_BREZZA" time="0.0"/>
  <testcase classname="extend_Login.STOCKS" name="CAlCULATION_OF_margin_Amount_In_Celerio" time="0.0"/>
  <testcase classname="extend_Login.STOCKS" name="CAlCULATION_OF_margin_Amount_In_DZIRE" time="0.0"/>
  <testcase classname="extend_Login.STOCKS" name="CAlCULATION_OF_margin_Amount_In_EECO" time="0.0"/>
  <testcase classname="extend_Login.STOCKS" name="CAlCULATION_OF_margin_Amount_In_ERTIGA" time="0.0"/>
  <testcase classname="extend_Login.STOCKS" name="CAlCULATION_OF_margin_Amount_In_SUPER_CARRY" time="0.0"/>
  <testcase classname="extend_Login.STOCKS" name="CAlCULATION_OF_margin_Amount_In_SWIFT" time="0.0"/>
  <testcase classname="extend_Login.STOCKS" name="CAlCULATION_OF_margin_Amount_In_Spresso" time="0.0"/>
  <testcase classname="extend_Login.STOCKS" name="CAlCULATION_OF_margin_Amount_In_WAGON_R" time="0.0"/>
  <testcase classname="extend_Login.STOCKS" name="Closing_stock_Amount_Of_AltoK10" time="0.04"/>
  <testcase classname="extend_Login.STOCKS" name="Closing_stock_Amount_Of_Brezza" time="0.036"/>
  <testcase classname="extend_Login.STOCKS" name="Closing_stock_Amount_Of_CELERIO" time="0.027"/>
  <testcase classname="extend_Login.STOCKS" name="Closing_stock_Amount_Of_Dzire" time="0.016"/>
  <testcase classname="extend_Login.STOCKS" name="Closing_stock_Amount_Of_ECO" time="0.04"/>
  <testcase classname="extend_Login.STOCKS" name="Closing_stock_Amount_Of_ERTIGA" time="0.041"/>
  <testcase classname="extend_Login.STOCKS" name="Closing_stock_Amount_Of_S_presso" time="0.039"/>
  <testcase classname="extend_Login.STOCKS" name="Closing_stock_Amount_Of_SuperCarry" time="0.035"/>
  <testcase classname="extend_Login.STOCKS" name="Closing_stock_Amount_Of_Swift" time="0.038"/>
  <testcase classname="extend_Login.STOCKS" name="Closing_stock_Amount_Of_Wagon_R" time="0.045"/>
  <testcase classname="extend_Login.STOCKS" name="Closing_stock_Qty_Of_AltoK10" time="0.03"/>
  <testcase classname="extend_Login.STOCKS" name="Closing_stock_Qty_Of_Brezza" time="0.028"/>
  <testcase classname="extend_Login.STOCKS" name="Closing_stock_Qty_Of_CELERIO" time="0.029"/>
  <testcase classname="extend_Login.STOCKS" name="Closing_stock_Qty_Of_Dzire" time="0.033"/>
  <testcase classname="extend_Login.STOCKS" name="Closing_stock_Qty_Of_ECO" time="0.019"/>
  <testcase classname="extend_Login.STOCKS" name="Closing_stock_Qty_Of_ERTIGA" time="0.031"/>
  <testcase classname="extend_Login.STOCKS" name="Closing_stock_Qty_Of_S_presso" time="0.026"/>
  <testcase classname="extend_Login.STOCKS" name="Closing_stock_Qty_Of_SuperCarry" time="0.024"/>
  <testcase classname="extend_Login.STOCKS" name="Closing_stock_Qty_Of_Swift" time="0.038"/>
  <testcase classname="extend_Login.STOCKS" name="Closing_stock_Qty_Of_Wagon_R" time="0.023"/>
  <testcase classname="extend_Login.STOCKS" name="Consumer_Offer_Exchange_Bonus_Of_AltoK10" time="0.038"/>
  <testcase classname="extend_Login.STOCKS" name="Consumer_Offer_Exchange_Bonus_Of_Brezza" time="0.031"/>
  <testcase classname="extend_Login.STOCKS" name="Consumer_Offer_Exchange_Bonus_Of_CELERIO" time="0.016"/>
  <testcase classname="extend_Login.STOCKS" name="Consumer_Offer_Exchange_Bonus_Of_Dzire" time="0.042"/>
  <testcase classname="extend_Login.STOCKS" name="Consumer_Offer_Exchange_Bonus_Of_ECO" time="0.021"/>
  <testcase classname="extend_Login.STOCKS" name="Consumer_Offer_Exchange_Bonus_Of_ERTIGA" time="0.031"/>
  <testcase classname="extend_Login.STOCKS" name="Consumer_Offer_Exchange_Bonus_Of_S_presso" time="0.032"/>
  <testcase classname="extend_Login.STOCKS" name="Consumer_Offer_Exchange_Bonus_Of_SuperCarry" time="0.016"/>
  <testcase classname="extend_Login.STOCKS" name="Consumer_Offer_Exchange_Bonus_Of_Swift" time="0.016"/>
  <testcase classname="extend_Login.STOCKS" name="Consumer_Offer_Exchange_Bonus_Of_Wagon_R" time="0.031"/>
  <testcase classname="extend_Login.STOCKS" name="DRF_Of_AltoK10" time="0.038"/>
  <testcase classname="extend_Login.STOCKS" name="DRF_Of_Brezza" time="0.025"/>
  <testcase classname="extend_Login.STOCKS" name="DRF_Of_CELERIO" time="0.032"/>
  <testcase classname="extend_Login.STOCKS" name="DRF_Of_Dzire" time="0.031"/>
  <testcase classname="extend_Login.STOCKS" name="DRF_Of_ECO" time="0.032"/>
  <testcase classname="extend_Login.STOCKS" name="DRF_Of_ERTIGA" time="0.031"/>
  <testcase classname="extend_Login.STOCKS" name="DRF_Of_S_presso" time="0.031"/>
  <testcase classname="extend_Login.STOCKS" name="DRF_Of_SuperCarry" time="0.018"/>
  <testcase classname="extend_Login.STOCKS" name="DRF_Of_Swift" time="0.035"/>
  <testcase classname="extend_Login.STOCKS" name="DRF_Of_Wagon_R" time="0.037"/>
  <testcase classname="extend_Login.STOCKS" name="DRF_Per_Cars" time="0.0"/>
  <testcase classname="extend_Login.STOCKS" name="Dealer_Compulsion_Discount_Of_AltoK10" time="0.029"/>
  <testcase classname="extend_Login.STOCKS" name="Dealer_Compulsion_Discount_Of_Brezza" time="0.037"/>
  <testcase classname="extend_Login.STOCKS" name="Dealer_Compulsion_Discount_Of_CELERIO" time="0.02"/>
  <testcase classname="extend_Login.STOCKS" name="Dealer_Compulsion_Discount_Of_Dzire" time="0.042"/>
  <testcase classname="extend_Login.STOCKS" name="Dealer_Compulsion_Discount_Of_ECO" time="0.021"/>
  <testcase classname="extend_Login.STOCKS" name="Dealer_Compulsion_Discount_Of_ERTIGA" time="0.047"/>
  <testcase classname="extend_Login.STOCKS" name="Dealer_Compulsion_Discount_Of_S_presso" time="0.044"/>
  <testcase classname="extend_Login.STOCKS" name="Dealer_Compulsion_Discount_Of_SuperCarry" time="0.027"/>
  <testcase classname="extend_Login.STOCKS" name="Dealer_Compulsion_Discount_Of_Swift" time="0.028"/>
  <testcase classname="extend_Login.STOCKS" name="Dealer_Compulsion_Discount_Of_Wagon_R" time="0.026"/>
  <testcase classname="extend_Login.STOCKS" name="Discount_Per_Cars" time="0.0"/>
  <testcase classname="extend_Login.STOCKS" name="Margin_Per_Cars" time="0.0"/>
  <testcase classname="extend_Login.STOCKS" name="Opening_Stock_Amount_Of_AltoK10" time="0.025"/>
  <testcase classname="extend_Login.STOCKS" name="Opening_Stock_Amount_Of_Brezza" time="0.031"/>
  <testcase classname="extend_Login.STOCKS" name="Opening_Stock_Amount_Of_CELERIO" time="0.031"/>
  <testcase classname="extend_Login.STOCKS" name="Opening_Stock_Amount_Of_Dzire" time="0.016"/>
  <testcase classname="extend_Login.STOCKS" name="Opening_Stock_Amount_Of_ECO" time="0.016"/>
  <testcase classname="extend_Login.STOCKS" name="Opening_Stock_Amount_Of_ERTIGA" time="0.035"/>
  <testcase classname="extend_Login.STOCKS" name="Opening_Stock_Amount_Of_S_presso" time="0.038"/>
  <testcase classname="extend_Login.STOCKS" name="Opening_Stock_Amount_Of_SuperCarry" time="0.024"/>
  <testcase classname="extend_Login.STOCKS" name="Opening_Stock_Amount_Of_Swift" time="0.031"/>
  <testcase classname="extend_Login.STOCKS" name="Opening_Stock_Amount_Of_Wagon_R" time="0.032"/>
  <testcase classname="extend_Login.STOCKS" name="Opening_Stock__Qty_Of_AltoK10" time="0.016"/>
  <testcase classname="extend_Login.STOCKS" name="Opening_Stock__Qty_Of_Brezza" time="0.031"/>
  <testcase classname="extend_Login.STOCKS" name="Opening_Stock__Qty_Of_CELERIO" time="0.032"/>
  <testcase classname="extend_Login.STOCKS" name="Opening_Stock__Qty_Of_Dzire" time="0.031"/>
  <testcase classname="extend_Login.STOCKS" name="Opening_Stock__Qty_Of_ECO" time="0.031"/>
  <testcase classname="extend_Login.STOCKS" name="Opening_Stock__Qty_Of_ERTIGA" time="0.032"/>
  <testcase classname="extend_Login.STOCKS" name="Opening_Stock__Qty_Of_Spresso" time="0.031"/>
  <testcase classname="extend_Login.STOCKS" name="Opening_Stock__Qty_Of_SuperCarry" time="0.032"/>
  <testcase classname="extend_Login.STOCKS" name="Opening_Stock__Qty_Of_Swift" time="0.015"/>
  <testcase classname="extend_Login.STOCKS" name="Opening_Stock__Qty_Of_Wagon_R" time="0.032"/>
  <testcase classname="extend_Login.STOCKS" name="Retail_sales_Amount_Of_AltoK10" time="0.031"/>
  <testcase classname="extend_Login.STOCKS" name="Retail_sales_Amount_Of_Brezza" time="0.032"/>
  <testcase classname="extend_Login.STOCKS" name="Retail_sales_Amount_Of_CELERIO" time="0.031"/>
  <testcase classname="extend_Login.STOCKS" name="Retail_sales_Amount_Of_Dzire" time="0.032"/>
  <testcase classname="extend_Login.STOCKS" name="Retail_sales_Amount_Of_ECO" time="0.024"/>
  <testcase classname="extend_Login.STOCKS" name="Retail_sales_Amount_Of_ERTIGA" time="0.025"/>
  <testcase classname="extend_Login.STOCKS" name="Retail_sales_Amount_Of_S_presso" time="0.031"/>
  <testcase classname="extend_Login.STOCKS" name="Retail_sales_Amount_Of_SuperCarry" time="0.033"/>
  <testcase classname="extend_Login.STOCKS" name="Retail_sales_Amount_Of_Swift" time="0.03"/>
  <testcase classname="extend_Login.STOCKS" name="Retail_sales_Amount_Of_Wagon_R" time="0.016"/>
  <testcase classname="extend_Login.STOCKS" name="Save_the_Data" time="1.171"/>
  <testcase classname="extend_Login.STOCKS" name="TOTAL_Closing_Stock_Qty" time="0.0"/>
  <testcase classname="extend_Login.STOCKS" name="TOTAL_Closing_Stock_amount" time="0.0"/>
  <testcase classname="extend_Login.STOCKS" name="TOTAL_Consumer_Offer_ISL_RMK" time="0.0"/>
  <testcase classname="extend_Login.STOCKS" name="TOTAL_DRF" time="0.0"/>
  <testcase classname="extend_Login.STOCKS" name="TOTAL_Dealer_Compulsion_Discount" time="0.0"/>
  <testcase classname="extend_Login.STOCKS" name="TOTAL_Discount" time="0.0"/>
  <testcase classname="extend_Login.STOCKS" name="TOTAL_Margin_Amount" time="0.0"/>
  <testcase classname="extend_Login.STOCKS" name="TOTAL_Opening_stock_QTY" time="0.0"/>
  <testcase classname="extend_Login.STOCKS" name="TOTAL_Opening_stock_amount" time="0.0"/>
  <testcase classname="extend_Login.STOCKS" name="TOTAL_Retail_sales_Amount" time="0.0"/>
  <testcase classname="extend_Login.STOCKS" name="TOTAL_Retail_sales_Qty" time="0.002"/>
  <testcase classname="extend_Login.STOCKS" name="TOTAL_WholeSale_Amount" time="0.0"/>
  <testcase classname="extend_Login.STOCKS" name="TOTAL_WholeSale_Qty" time="0.0"/>
  <testcase classname="extend_Login.STOCKS" name="WholeSale_Amount_Of_AltoK10" time="0.048"/>
  <testcase classname="extend_Login.STOCKS" name="WholeSale_Amount_Of_Brezza" time="0.047"/>
  <testcase classname="extend_Login.STOCKS" name="WholeSale_Amount_Of_CELERIO" time="0.044"/>
  <testcase classname="extend_Login.STOCKS" name="WholeSale_Amount_Of_Dzire" time="0.153"/>
  <testcase classname="extend_Login.STOCKS" name="WholeSale_Amount_Of_ECO" time="0.023"/>
  <testcase classname="extend_Login.STOCKS" name="WholeSale_Amount_Of_ERTIGA" time="0.029"/>
  <testcase classname="extend_Login.STOCKS" name="WholeSale_Amount_Of_S_presso" time="0.027"/>
  <testcase classname="extend_Login.STOCKS" name="WholeSale_Amount_Of_SuperCarry" time="0.056"/>
  <testcase classname="extend_Login.STOCKS" name="WholeSale_Amount_Of_Swift" time="0.03"/>
  <testcase classname="extend_Login.STOCKS" name="WholeSale_Amount_Of_Wagon_R" time="0.029"/>
  <testcase classname="extend_Login.STOCKS" name="WholeSale_Qty_Of_AltoK10" time="0.025"/>
  <testcase classname="extend_Login.STOCKS" name="WholeSale_Qty_Of_Brezza" time="0.031"/>
  <testcase classname="extend_Login.STOCKS" name="WholeSale_Qty_Of_CELERIO" time="0.031"/>
  <testcase classname="extend_Login.STOCKS" name="WholeSale_Qty_Of_Dzire" time="0.031"/>
  <testcase classname="extend_Login.STOCKS" name="WholeSale_Qty_Of_ECO" time="0.032"/>
  <testcase classname="extend_Login.STOCKS" name="WholeSale_Qty_Of_ERTIGA" time="0.031"/>
  <testcase classname="extend_Login.STOCKS" name="WholeSale_Qty_Of_S_presso" time="0.032"/>
  <testcase classname="extend_Login.STOCKS" name="WholeSale_Qty_Of_SuperCarry" time="0.029"/>
  <testcase classname="extend_Login.STOCKS" name="WholeSale_Qty_Of_Swift" time="0.018"/>
  <testcase classname="extend_Login.STOCKS" name="WholeSale_Qty_Of_Wagon_R" time="0.031"/>
  <testcase classname="extend_Login.Discount" name="Any_Other" time="0.0">
    <skipped/>
  </testcase> <!-- Any_Other -->
  <testcase classname="extend_Login.Discount" name="Any_Regional_Office_Scheme" time="0.0">
    <skipped/>
  </testcase> <!-- Any_Regional_Office_Scheme -->
  <testcase classname="extend_Login.Discount" name="Consumer_Offer_SPOT_RIPS" time="0.0">
    <skipped/>
  </testcase> <!-- Consumer_Offer_SPOT_RIPS -->
  <testcase classname="extend_Login.Discount" name="Dealer_Discount_Compulsion_Matches_From_STOCKs" time="0.0">
    <skipped/>
  </testcase> <!-- Dealer_Discount_Compulsion_Matches_From_STOCKs -->
  <testcase classname="extend_Login.Discount" name="Exchange_Bonus" time="0.0">
    <skipped/>
  </testcase> <!-- Exchange_Bonus -->
  <testcase classname="extend_Login.Discount" name="ISL_RMK" time="0.0">
    <skipped/>
  </testcase> <!-- ISL_RMK -->
  <testcase classname="extend_Login.Discount" name="Total_Discount" time="0.0">
    <skipped/>
  </testcase> <!-- Total_Discount -->
  <testcase classname="extend_Login.Discount" name="Total_Discount_Matches_From_STOCKs" time="0.0">
    <skipped/>
  </testcase> <!-- Total_Discount_Matches_From_STOCKs -->
  <testcase classname="extend_Login.Intrest_Cost" name="Total_Interest_Paid_on_ST_LOANS" time="0.0"/>
  <testcase classname="extend_Login.Intrest_Cost" name="clearData" time="14.024"/>
  <testcase classname="extend_Login.Intrest_Cost" name="Save_the_Data" time="1.54">
    <failure type="java.lang.AssertionError" message=" Message is Invalid expected [Saved Successfully] but found []">
      <![CDATA[java.lang.AssertionError:  Message is Invalid expected [Saved Successfully] but found []
at extend_Login.Intrest_Cost.Save_the_Data(Intrest_Cost.java:440)
at java.base/java.util.ArrayList.forEach(ArrayList.java:1511)
... Removed 30 stack frames]]>
    </failure>
  </testcase> <!-- Save_the_Data -->
  <testcase classname="extend_Login.Intrest_Cost" name="Short_Term_Loan_From_Banks_Financial_Institutions_In_NEW_Cars" time="0.048"/>
  <testcase classname="extend_Login.Intrest_Cost" name="Short_Term_Loan_From_Banks_Financial_Institutions_in_MSGA" time="0.037"/>
  <testcase classname="extend_Login.Intrest_Cost" name="Short_Term_Loan_From_Banks_Financial_Institutions_in_Service" time="0.045"/>
  <testcase classname="extend_Login.Intrest_Cost" name="Short_Term_Loan_From_Banks_Financial_Institutions_in_Spares" time="0.043"/>
  <testcase classname="extend_Login.Intrest_Cost" name="Short_Term_Loan_From_Banks_Financial_Institutions_in_POC" time="0.05"/>
  <testcase classname="extend_Login.Intrest_Cost" name="Short_Term_Loan_From_Banks_Financial_Institutions_in_MI" time="0.043"/>
  <testcase classname="extend_Login.Intrest_Cost" name="Short_Term_Loan_From_Banks_Financial_Institutions_in_MDS" time="0.041"/>
  <testcase classname="extend_Login.Intrest_Cost" name="Short_Term_Loan_From_Banks_Financial_Institutions_in_Totals" time="0.027"/>
  <testcase classname="extend_Login.Intrest_Cost" name="Short_Term_Loan_From_Directors_Related_Parties_In_NEW_Cars" time="0.041"/>
  <testcase classname="extend_Login.Intrest_Cost" name="Short_Term_Loan_From_Directors_Related_Parties_in_MSGA" time="0.043"/>
  <testcase classname="extend_Login.Intrest_Cost" name="Short_Term_Loan_From_Directors_Related_Parties_in_Service" time="0.045"/>
  <testcase classname="extend_Login.Intrest_Cost" name="Short_Term_Loan_From_Directors_Related_Parties_in_Spares" time="0.051"/>
  <testcase classname="extend_Login.Intrest_Cost" name="Short_Term_Loan_From_Directors_Related_Parties_in_POC" time="0.05"/>
  <testcase classname="extend_Login.Intrest_Cost" name="Short_Term_Loan_From_Directors_Related_Parties_in_MI" time="0.04"/>
  <testcase classname="extend_Login.Intrest_Cost" name="Short_Term_Loan_From_Directors_Related_Parties_in_MDS" time="0.038"/>
  <testcase classname="extend_Login.Intrest_Cost" name="Short_Term_Loan_From_Directors_Related_Parties_in_Totals" time="0.039"/>
  <testcase classname="extend_Login.Intrest_Cost" name="Total_Short_Term_Loans_In_New_Cars" time="0.028"/>
  <testcase classname="extend_Login.Intrest_Cost" name="Total_Short_Term_Loans_In_MSGA" time="0.032"/>
  <testcase classname="extend_Login.Intrest_Cost" name="Total_Short_Term_Loans_In_Service" time="0.046"/>
  <testcase classname="extend_Login.Intrest_Cost" name="Total_Short_Term_Loans_In_Spares" time="0.043"/>
  <testcase classname="extend_Login.Intrest_Cost" name="Total_Short_Term_Loans_In_POC" time="0.035"/>
  <testcase classname="extend_Login.Intrest_Cost" name="Total_Short_Term_Loans_In_MI" time="0.03"/>
  <testcase classname="extend_Login.Intrest_Cost" name="Total_Short_Term_Loans_In_MDS" time="0.026"/>
  <testcase classname="extend_Login.Intrest_Cost" name="Total_Short_Term_Loans_In_Totals" time="0.071"/>
  <testcase classname="extend_Login.Intrest_Cost" name="Total_Short_Term_Loans" time="0.177"/>
  <testcase classname="extend_Login.Intrest_Cost" name="Short_Term_Loan_Interest_Cost_Banks_And_Financial_In_NEW_Cars" time="0.04"/>
  <testcase classname="extend_Login.Intrest_Cost" name="Short_Term_Loan_Interest_Cost_Banks_And_Financial_In_MSGA" time="0.041"/>
  <testcase classname="extend_Login.Intrest_Cost" name="Short_Term_Loan_Interest_Cost_Banks_And_Financial_In_Service" time="0.043"/>
  <testcase classname="extend_Login.Intrest_Cost" name="Short_Term_Loan_Interest_Cost_Banks_And_Financial_In_Spares" time="0.053"/>
  <testcase classname="extend_Login.Intrest_Cost" name="Short_Term_Loan_Interest_Cost_Banks_And_Financial_In_POC" time="0.044"/>
  <testcase classname="extend_Login.Intrest_Cost" name="Short_Term_Loan_Interest_Cost_Banks_And_Financial_In_MI" time="0.042"/>
  <testcase classname="extend_Login.Intrest_Cost" name="Short_Term_Loan_____Interest_Cost_Banks_And_Financial_In_MDS" time="0.043"/>
  <testcase classname="extend_Login.Intrest_Cost" name="Short_Term_Loan____Interest_Cost_Banks_And_Financial_In_Totals" time="0.034"/>
  <testcase classname="extend_Login.Intrest_Cost" name="Short_Term_Loan____Interest_Cost_Directors_Related_Parties____In_NEW_Cars" time="0.046"/>
  <testcase classname="extend_Login.Intrest_Cost" name="Short_Term_Loan_____Interest_Cost_Directors_Related_Parties_____In_MSGA" time="0.048"/>
  <testcase classname="extend_Login.Intrest_Cost" name="Short_Term_Loan______Interest_Cost_Directors_Related_Parties______In_Service" time="0.056"/>
  <testcase classname="extend_Login.Intrest_Cost" name="Short_Term_Loan______Interest_Cost_Directors_Related_Parties______In_Spares" time="0.066"/>
  <testcase classname="extend_Login.Intrest_Cost" name="Short_Term_Loan______Interest_Cost_Directors_Related_Parties______In_POC" time="0.064"/>
  <testcase classname="extend_Login.Intrest_Cost" name="Short_Term_Loan______Interest_Cost_Directors_Related_Parties______In_MI" time="0.066"/>
  <testcase classname="extend_Login.Intrest_Cost" name="Short_Term_Loan______Interest_Cost_Directors_Related_Parties______In_MDS" time="0.066"/>
  <testcase classname="extend_Login.Intrest_Cost" name="Short_Term_Loan__Interest_Cost_Directors_Related_Parties_In_Totals" time="0.043"/>
  <testcase classname="extend_Login.Intrest_Cost" name="Total_Interest_Paid_on_ST_Loans___OF_New_cars" time="0.03"/>
  <testcase classname="extend_Login.Intrest_Cost" name="Total_Interest_Paid_on_ST_Loans_OF_MSGA" time="0.032"/>
  <testcase classname="extend_Login.Intrest_Cost" name="Total_Interest_Paid_on_ST_Loans_OF_SERVICES" time="0.033"/>
  <testcase classname="extend_Login.Intrest_Cost" name="Total_Interest_Paid_on_ST_Loans_OF_SPARES" time="0.025"/>
  <testcase classname="extend_Login.Intrest_Cost" name="Total_Interest_Paid_on_ST_Loans_OF_POc" time="0.026"/>
  <testcase classname="extend_Login.Intrest_Cost" name="Total_Interest_Paid_on_ST_Loans_OF_MI" time="0.022"/>
  <testcase classname="extend_Login.Intrest_Cost" name="Total_Interest_Paid_on_ST_Loans_OF_MDS" time="0.04"/>
  <testcase classname="extend_Login.Intrest_Cost" name="Total_Interest_Paid_on_ST_Loans_OF_Totals" time="0.031"/>
  <testcase classname="extend_Login.Intrest_Cost" name="Long_Term_Loan_From_Banks_Financial_Institutions_In_NEW_Cars" time="0.028"/>
  <testcase classname="extend_Login.Intrest_Cost" name="Long_Term_Loan_From_Banks_Financial_Institutions_In_M_S_G_A" time="0.031"/>
  <testcase classname="extend_Login.Intrest_Cost" name="Long_Term_Loan_From_Banks_Financial_Institutions_In_SERVICESS" time="0.031"/>
  <testcase classname="extend_Login.Intrest_Cost" name="Long_Term_Loan_From_Banks_Financial_Institutions_In_SPARES" time="0.033"/>
  <testcase classname="extend_Login.Intrest_Cost" name="Long_Term_Loan_From_Banks_Financial_Institutions_In_POC" time="0.029"/>
  <testcase classname="extend_Login.Intrest_Cost" name="Long_Term_Loan_From_Banks_Financial_Institutions_In_M_I" time="0.028"/>
  <testcase classname="extend_Login.Intrest_Cost" name="Long_Term_Loan_From_Banks_Financial_Institutions_In_MDS" time="0.03"/>
  <testcase classname="extend_Login.Intrest_Cost" name="Long_Term_Loan_From_Banks_Financial_Institutions_of_Totals" time="0.0"/>
  <testcase classname="extend_Login.Intrest_Cost" name="Long_Term_Loan_From_Directors_Related_Parties_In_NEW_Cars" time="0.031"/>
  <testcase classname="extend_Login.Intrest_Cost" name="Long_Term_Loan_From_Directors_Related_Parties_In_M_S_G_A" time="0.032"/>
  <testcase classname="extend_Login.Intrest_Cost" name="Long_Term_Loan_From_Directors_Related_Parties_In_SERVICESS" time="0.031"/>
  <testcase classname="extend_Login.Intrest_Cost" name="Long_Term_Loan_From_Directors_Related_Parties_In_SPARES" time="0.036"/>
  <testcase classname="extend_Login.Intrest_Cost" name="Long_Term_Loan_From_Directors_Related_Parties_In_POC" time="0.027"/>
  <testcase classname="extend_Login.Intrest_Cost" name="Long_Term_Loan_From_Directors_Related_Parties_In_M_I" time="0.037"/>
  <testcase classname="extend_Login.Intrest_Cost" name="Long_Term_Loan_From_Directors_Related_Parties_In_MDS" time="0.025"/>
  <testcase classname="extend_Login.Intrest_Cost" name="Long_Term_Loan_From_Directors_Related_Parties_of_Totals" time="0.0"/>
  <testcase classname="extend_Login.Intrest_Cost" name="Total_Long_Term_Loans_of_NEw_Cars" time="0.0"/>
  <testcase classname="extend_Login.Intrest_Cost" name="Total_Long_Term_Loans_of_MSGA" time="0.0"/>
  <testcase classname="extend_Login.Intrest_Cost" name="Total_Long_Term_Loans_of_Servicee" time="0.0"/>
  <testcase classname="extend_Login.Intrest_Cost" name="Total_Long_Term_Loans_of_Spares" time="0.0"/>
  <testcase classname="extend_Login.Intrest_Cost" name="Total_Long_Term_Loans_of_POC" time="0.0"/>
  <testcase classname="extend_Login.Intrest_Cost" name="Total_Long_Term_Loans_of_MI" time="0.0"/>
  <testcase classname="extend_Login.Intrest_Cost" name="Total_Long_Term_Loans_of_MDS" time="0.0"/>
  <testcase classname="extend_Login.Intrest_Cost" name="Total_Long_Term_Loans_of_TOTALS_Rs" time="0.0"/>
  <testcase classname="extend_Login.Intrest_Cost" name="Total_Long_Term_Loans" time="0.0"/>
  <testcase classname="extend_Login.Intrest_Cost" name="Long_Term_Loan_Interest_Cost_Bank_and_Financial_In_NEW_Cars" time="0.05"/>
  <testcase classname="extend_Login.Intrest_Cost" name="Long_Term_Loan_Interest_Cost_Bank_and_Financial_In_MSGA" time="0.03"/>
  <testcase classname="extend_Login.Intrest_Cost" name="Long_Term_Loan_Interest_Cost_Bank_and_Financial_In_SERVICE" time="0.031"/>
  <testcase classname="extend_Login.Intrest_Cost" name="Long_Term_Loan_Interest_Cost_Bank_and_Financial_In_Spares" time="0.016"/>
  <testcase classname="extend_Login.Intrest_Cost" name="Long_Term_Loan_Interest_Cost_Bank_and_Financial_In_Poc" time="0.031"/>
  <testcase classname="extend_Login.Intrest_Cost" name="Long_Term_Loan_Interest_Cost_Bank_and_Financial_In_MI" time="0.063"/>
  <testcase classname="extend_Login.Intrest_Cost" name="Long_Term_Loan_Interest_Cost_Bank_and_Financial_In_MDS" time="0.048"/>
  <testcase classname="extend_Login.Intrest_Cost" name="Long_Term_Loan_Interest_Cost_Bank_and_Financial_In_TOtals" time="0.009"/>
  <testcase classname="extend_Login.Intrest_Cost" name="Long_Term_Loan_Interest_Cost_Directors_Related_Parties_In_NEW_Cars" time="0.024"/>
  <testcase classname="extend_Login.Intrest_Cost" name="Long_Term_Interest_Cost_Directors_Related_Parties_In_MSGA" time="0.03"/>
  <testcase classname="extend_Login.Intrest_Cost" name="Long_Term_Loan_Interest_Cost_Directors_Related_Parties_In_SERVICE" time="0.016"/>
  <testcase classname="extend_Login.Intrest_Cost" name="Long_Term_Loan_Interest_Cost_Directors_Related_Parties_In_Spares" time="0.031"/>
  <testcase classname="extend_Login.Intrest_Cost" name="Long_Term_Loan_Interest_Cost_Directors_Related_Parties_In_Poc" time="0.036"/>
  <testcase classname="extend_Login.Intrest_Cost" name="Long_Term_Loan_Interest_Cost_Directors_Related_Parties_In_MI" time="0.046"/>
  <testcase classname="extend_Login.Intrest_Cost" name="Long_Term_Loan_Interest_Cost_Directors_Related_Parties_In_MDS" time="0.042"/>
  <testcase classname="extend_Login.Intrest_Cost" name="Long_Term_Loan_Interest_Cost_Directors_Related_Parties_Of_TOtals" time="0.0"/>
  <testcase classname="extend_Login.Intrest_Cost" name="Total_Interest_Cost_on_LT_Loans_Of_NEW_Cars" time="0.0"/>
  <testcase classname="extend_Login.Intrest_Cost" name="Total_Interest_Cost_on_LT_Loans_Of_MSGA" time="0.0"/>
  <testcase classname="extend_Login.Intrest_Cost" name="Total_Interest_Cost_on_LT_Loans_Of_service" time="0.0"/>
  <testcase classname="extend_Login.Intrest_Cost" name="Total_Interest_Cost_on_LT_Loans_Of_Spares" time="0.0"/>
  <testcase classname="extend_Login.Intrest_Cost" name="Total_Interest_Cost_on_LT_Loans_Of_PoC" time="0.0"/>
  <testcase classname="extend_Login.Intrest_Cost" name="Total_Interest_Cost_on_LT_Loans_Of_MI" time="0.016"/>
  <testcase classname="extend_Login.Intrest_Cost" name="Total_Interest_Cost_on_LT_Loans_Of_MDS" time="0.0"/>
  <testcase classname="extend_Login.Intrest_Cost" name="Total_Interest_Cost_on_LT_Loans_Of_Totals" time="0.0"/>
  <testcase classname="extend_Login.Intrest_Cost" name="Total_Interest_Cost_on_LT_Loans" time="0.0"/>
  <testcase classname="extend_Login.Intrest_Cost" name="Click_on_New_Cars" time="6.454"/>
  <testcase classname="extend_Login.Intrest_Cost" name="ST_Interest_Cost_Per_Car" time="0.0"/>
  <testcase classname="extend_Login.Intrest_Cost" name="LT_Interest_Cost_Per_Car" time="0.0"/>
  <testcase classname="extend_Login.Intrest_Cost" name="Total_Interest_Cost_Per_Car" time="0.0"/>
  <testcase classname="extend_Login.ManpowerCount_TestNG" name="clearData" time="13.278"/>
  <testcase classname="extend_Login.ManpowerCount_TestNG" name="NewCar_DirectMP_GeneralM" time="0.047"/>
  <testcase classname="extend_Login.ManpowerCount_TestNG" name="NewCar_DirectMP_SalesM" time="0.032"/>
  <testcase classname="extend_Login.ManpowerCount_TestNG" name="NewCar_DirectMP_RelationM" time="0.047"/>
  <testcase classname="extend_Login.ManpowerCount_TestNG" name="NewCar_DirectMP_TeamL" time="0.047"/>
  <testcase classname="extend_Login.ManpowerCount_TestNG" name="NewCar_InDirectMP_QCM" time="0.042"/>
  <testcase classname="extend_Login.ManpowerCount_TestNG" name="NewCar_InDirectMP_QCE" time="0.038"/>
  <testcase classname="extend_Login.ManpowerCount_TestNG" name="NewCar_InDirectMP_ServiceAd" time="0.04"/>
  <testcase classname="extend_Login.ManpowerCount_TestNG" name="NewCar_InDirectMP_LobbyM" time="0.031"/>
  <testcase classname="extend_Login.ManpowerCount_TestNG" name="NewCar_InDirectMP_Receptionist" time="0.031"/>
  <testcase classname="extend_Login.ManpowerCount_TestNG" name="NewCar_InDirectMP_DeliveryCoordinator" time="0.047"/>
  <testcase classname="extend_Login.ManpowerCount_TestNG" name="NewCar_InDirectMP_Autocard" time="0.056"/>
  <testcase classname="extend_Login.ManpowerCount_TestNG" name="NewCar_InDirectMP_RegistrationRTO" time="0.06"/>
  <testcase classname="extend_Login.ManpowerCount_TestNG" name="NewCar_InDirectMP_Telecallers" time="0.032"/>
  <testcase classname="extend_Login.ManpowerCount_TestNG" name="NewCar_InDirectMP_DataEntryOperator" time="0.047"/>
  <testcase classname="extend_Login.ManpowerCount_TestNG" name="NewCar_InDirectMP_Anysupportstaff" time="0.047"/>
  <testcase classname="extend_Login.ManpowerCount_TestNG" name="NewCar_InDirectMP_Security" time="0.05"/>
  <testcase classname="extend_Login.ManpowerCount_TestNG" name="NewCar_InDirectMP_Drivers" time="0.045"/>
  <testcase classname="extend_Login.ManpowerCount_TestNG" name="NewCar_InDirectMP_Peons" time="0.059"/>
  <testcase classname="extend_Login.ManpowerCount_TestNG" name="NewCar_InDirectMP_Sweepers" time="0.066"/>
  <testcase classname="extend_Login.ManpowerCount_TestNG" name="NewCar_InDirectMP_Cleaners" time="0.07"/>
  <testcase classname="extend_Login.ManpowerCount_TestNG" name="NewCar_InDirectMP_AnyOther" time="0.054"/>
  <testcase classname="extend_Login.ManpowerCount_TestNG" name="NewCar_DirectMP_Total" time="0.0"/>
  <testcase classname="extend_Login.ManpowerCount_TestNG" name="NewCar_InDirectMP_Total" time="0.0"/>
  <testcase classname="extend_Login.ManpowerCount_TestNG" name="ClickOn_MSGA" time="6.579"/>
  <testcase classname="extend_Login.ManpowerCount_TestNG" name="MSGA_DirectMP_Manager" time="0.041"/>
  <testcase classname="extend_Login.ManpowerCount_TestNG" name="MSGA_DirectMP_Executives" time="0.04"/>
  <testcase classname="extend_Login.ManpowerCount_TestNG" name="MSGA_DirectMP_Fitter" time="0.041"/>
  <testcase classname="extend_Login.ManpowerCount_TestNG" name="MSGA_InDirectMP_Anysupportstaff" time="0.039"/>
  <testcase classname="extend_Login.ManpowerCount_TestNG" name="MSGA_InDirectMP_Anyotherstaff" time="0.038"/>
  <testcase classname="extend_Login.ManpowerCount_TestNG" name="MSGA_DirectMP_Total" time="0.0"/>
  <testcase classname="extend_Login.ManpowerCount_TestNG" name="MSGA_InDirectMP_Total" time="0.0"/>
  <testcase classname="extend_Login.ManpowerCount_TestNG" name="ClickOn_WBSP" time="14.395"/>
  <testcase classname="extend_Login.ManpowerCount_TestNG" name="WBSP_DirectMP_VicePresident" time="0.06"/>
  <testcase classname="extend_Login.ManpowerCount_TestNG" name="WBSP_DirectMP_GeneralManager" time="0.046"/>
  <testcase classname="extend_Login.ManpowerCount_TestNG" name="WBSP_DirectMP_WorksManager" time="0.042"/>
  <testcase classname="extend_Login.ManpowerCount_TestNG" name="WBSP_DirectMP_FloorController" time="0.049"/>
  <testcase classname="extend_Login.ManpowerCount_TestNG" name="WBSP_DirectMP_ServiceAdvisor" time="0.081"/>
  <testcase classname="extend_Login.ManpowerCount_TestNG" name="WBSP_DirectMP_TechnicalAdvisor" time="0.081"/>
  <testcase classname="extend_Login.ManpowerCount_TestNG" name="WBSP_DirectMP_MechanicsTechnicians" time="0.076"/>
  <testcase classname="extend_Login.ManpowerCount_TestNG" name="WBSP_DirectMP_FinalInspector" time="0.079"/>
  <testcase classname="extend_Login.ManpowerCount_TestNG" name="WBSP_DirectMP_WashingManpower" time="0.068"/>
  <testcase classname="extend_Login.ManpowerCount_TestNG" name="WBSP_DirectMP_WashingSupervisor" time="0.066"/>
  <testcase classname="extend_Login.ManpowerCount_TestNG" name="WBSP_DirectMP_Denter" time="0.069"/>
  <testcase classname="extend_Login.ManpowerCount_TestNG" name="WBSP_DirectMP_Electricians" time="0.07"/>
  <testcase classname="extend_Login.ManpowerCount_TestNG" name="WBSP_DirectMP_AssistantWorksManager" time="0.047"/>
  <testcase classname="extend_Login.ManpowerCount_TestNG" name="WBSP_DirectMP_PDISupervisor" time="0.037"/>
  <testcase classname="extend_Login.ManpowerCount_TestNG" name="WBSP_DirectMP_PDITechnicians" time="0.041"/>
  <testcase classname="extend_Login.ManpowerCount_TestNG" name="WBSP_DirectMP_Others" time="0.026"/>
  <testcase classname="extend_Login.ManpowerCount_TestNG" name="WBSP_DirectMP_BodyshopManager" time="0.03"/>
  <testcase classname="extend_Login.ManpowerCount_TestNG" name="WBSP_DirectMP_BodyShop_ServiceAdvisor" time="0.051"/>
  <testcase classname="extend_Login.ManpowerCount_TestNG" name="WBSP_DirectMP_BodyShop_Supervisor" time="0.078"/>
  <testcase classname="extend_Login.ManpowerCount_TestNG" name="WBSP_DirectMP_BodyShop_MechanicsTechnicians" time="0.031"/>
  <testcase classname="extend_Login.ManpowerCount_TestNG" name="WBSP_DirectMP_BodyShop_Denter" time="0.047"/>
  <testcase classname="extend_Login.ManpowerCount_TestNG" name="WBSP_DirectMP_BodyShop_Painter" time="0.043"/>
  <testcase classname="extend_Login.ManpowerCount_TestNG" name="WBSP_DirectMP_BodyShop_FinalInspector" time="0.024"/>
  <testcase classname="extend_Login.ManpowerCount_TestNG" name="WBSP_DirectMP_BodyShop_Electricians" time="0.041"/>
  <testcase classname="extend_Login.ManpowerCount_TestNG" name="WBSP_InDirectMP_CustomerCareManager" time="0.041"/>
  <testcase classname="extend_Login.ManpowerCount_TestNG" name="WBSP_InDirectMP_CustomerCareExecutives" time="0.042"/>
  <testcase classname="extend_Login.ManpowerCount_TestNG" name="WBSP_InDirectMP_CrackTeams" time="0.042"/>
  <testcase classname="extend_Login.ManpowerCount_TestNG" name="WBSP_InDirectMP_ReceptionHostess" time="0.03"/>
  <testcase classname="extend_Login.ManpowerCount_TestNG" name="WBSP_InDirectMP_TrainingCordinator" time="0.046"/>
  <testcase classname="extend_Login.ManpowerCount_TestNG" name="WBSP_InDirectMP_Maintenance" time="0.046"/>
  <testcase classname="extend_Login.ManpowerCount_TestNG" name="WBSP_InDirectMP_Marketingteam" time="0.035"/>
  <testcase classname="extend_Login.ManpowerCount_TestNG" name="WBSP_InDirectMP_Telecallers" time="0.046"/>
  <testcase classname="extend_Login.ManpowerCount_TestNG" name="WBSP_InDirectMP_FrontOffice" time="0.035"/>
  <testcase classname="extend_Login.ManpowerCount_TestNG" name="WBSP_InDirectMP_Cashier" time="0.059"/>
  <testcase classname="extend_Login.ManpowerCount_TestNG" name="WBSP_InDirectMP_Autocard" time="0.062"/>
  <testcase classname="extend_Login.ManpowerCount_TestNG" name="WBSP_InDirectMP_Anyothersupportstaff" time="0.074"/>
  <testcase classname="extend_Login.ManpowerCount_TestNG" name="WBSP_InDirectMP_Security" time="0.068"/>
  <testcase classname="extend_Login.ManpowerCount_TestNG" name="WBSP_InDirectMP_Drivers" time="0.069"/>
  <testcase classname="extend_Login.ManpowerCount_TestNG" name="WBSP_InDirectMP_Peons" time="0.057"/>
  <testcase classname="extend_Login.ManpowerCount_TestNG" name="WBSP_InDirectMP_Sweepers" time="0.034"/>
  <testcase classname="extend_Login.ManpowerCount_TestNG" name="WBSP_InDirectMP_Cleaners" time="0.04"/>
  <testcase classname="extend_Login.ManpowerCount_TestNG" name="WBSP_InDirectMP_LiftHandler" time="0.023"/>
  <testcase classname="extend_Login.ManpowerCount_TestNG" name="WBSP_InDirectMP_AnyOther" time="0.022"/>
  <testcase classname="extend_Login.ManpowerCount_TestNG" name="WBSP_DirectMP_Total" time="0.0"/>
  <testcase classname="extend_Login.ManpowerCount_TestNG" name="WBSP_InDirectMP_Total" time="0.001"/>
  <testcase classname="extend_Login.ManpowerCount_TestNG" name="ClickOn_Spares" time="11.598"/>
  <testcase classname="extend_Login.ManpowerCount_TestNG" name="Spares_DirectMP_Manager" time="0.036"/>
  <testcase classname="extend_Login.ManpowerCount_TestNG" name="Spares_DirectMP_AsstManager" time="0.041"/>
  <testcase classname="extend_Login.ManpowerCount_TestNG" name="Spares_DirectMP_Storekeepers" time="0.044"/>
  <testcase classname="extend_Login.ManpowerCount_TestNG" name="Spares_DirectMP_Pickers" time="0.042"/>
  <testcase classname="extend_Login.ManpowerCount_TestNG" name="Spares_InDirectMP_Anysupportstaff" time="0.036"/>
  <testcase classname="extend_Login.ManpowerCount_TestNG" name="Spares_InDirectMP_Anyotherstaff" time="0.043"/>
  <testcase classname="extend_Login.ManpowerCount_TestNG" name="Spares_DirectMP_Total" time="0.0"/>
  <testcase classname="extend_Login.ManpowerCount_TestNG" name="Spares_InDirectMP_Total" time="0.001"/>
  <testcase classname="extend_Login.ManpowerCount_TestNG" name="ClickOn_TrueValue" time="9.946"/>
  <testcase classname="extend_Login.ManpowerCount_TestNG" name="TrueValue_DirectMP_Manager" time="0.045"/>
  <testcase classname="extend_Login.ManpowerCount_TestNG" name="TrueValue_DirectMP_TLSales" time="0.031"/>
  <testcase classname="extend_Login.ManpowerCount_TestNG" name="TrueValue_DirectMP_DSESales" time="0.065"/>
  <testcase classname="extend_Login.ManpowerCount_TestNG" name="TrueValue_DirectMP_Marketing" time="0.081"/>
  <testcase classname="extend_Login.ManpowerCount_TestNG" name="TrueValue_DirectMP_SourcingExecutive" time="0.053"/>
  <testcase classname="extend_Login.ManpowerCount_TestNG" name="TrueValue_DirectMP_TLSourcing" time="0.039"/>
  <testcase classname="extend_Login.ManpowerCount_TestNG" name="TrueValue_DirectMP_RefurbishmentSupervisor" time="0.024"/>
  <testcase classname="extend_Login.ManpowerCount_TestNG" name="TrueValue_InDirectMP_CCM" time="0.017"/>
  <testcase classname="extend_Login.ManpowerCount_TestNG" name="TrueValue_InDirectMP_Telecaller" time="0.032"/>
  <testcase classname="extend_Login.ManpowerCount_TestNG" name="TrueValue_InDirectMP_Receptionist" time="0.014"/>
  <testcase classname="extend_Login.ManpowerCount_TestNG" name="TrueValue_InDirectMP_DataEntryOperator" time="0.031"/>
  <testcase classname="extend_Login.ManpowerCount_TestNG" name="TrueValue_InDirectMP_Anyothersupportstaff" time="0.029"/>
  <testcase classname="extend_Login.ManpowerCount_TestNG" name="TrueValue_InDirectMP_Security" time="0.018"/>
  <testcase classname="extend_Login.ManpowerCount_TestNG" name="TrueValue_InDirectMP_Drivers" time="0.029"/>
  <testcase classname="extend_Login.ManpowerCount_TestNG" name="TrueValue_InDirectMP_Peons" time="0.025"/>
  <testcase classname="extend_Login.ManpowerCount_TestNG" name="TrueValue_InDirectMP_Sweepers" time="0.027"/>
  <testcase classname="extend_Login.ManpowerCount_TestNG" name="TrueValue_InDirectMP_Cleaners" time="0.028"/>
  <testcase classname="extend_Login.ManpowerCount_TestNG" name="TrueValue_InDirectMP_Anyother" time="0.039"/>
  <testcase classname="extend_Login.ManpowerCount_TestNG" name="TrueValue_DirectMP_Total" time="0.0"/>
  <testcase classname="extend_Login.ManpowerCount_TestNG" name="TrueValue_InDirectMP_Total" time="0.0"/>
  <testcase classname="extend_Login.ManpowerCount_TestNG" name="ClickOn_MIRenewal" time="7.53"/>
  <testcase classname="extend_Login.ManpowerCount_TestNG" name="MIRenewal_DirectMP_Manager" time="0.05"/>
  <testcase classname="extend_Login.ManpowerCount_TestNG" name="MIRenewal_DirectMP_TeleCaller" time="0.04"/>
  <testcase classname="extend_Login.ManpowerCount_TestNG" name="MIRenewal_DirectMP_FieldPersonnel" time="0.046"/>
  <testcase classname="extend_Login.ManpowerCount_TestNG" name="MIRenewal_DirectMP_Executives" time="0.047"/>
  <testcase classname="extend_Login.ManpowerCount_TestNG" name="MIRenewal_InDirectMP_Anysupportstaff" time="0.035"/>
  <testcase classname="extend_Login.ManpowerCount_TestNG" name="MIRenewal_InDirectMP_Anyotherstaff" time="0.024"/>
  <testcase classname="extend_Login.ManpowerCount_TestNG" name="MIRenewal_DirectMP_Total" time="0.0"/>
  <testcase classname="extend_Login.ManpowerCount_TestNG" name="MIRenewal_InDirectMP_Total" time="0.001"/>
  <testcase classname="extend_Login.ManpowerCount_TestNG" name="ClickOn_MDS" time="7.002"/>
  <testcase classname="extend_Login.ManpowerCount_TestNG" name="MDS_DirectMP_Manager" time="0.081"/>
  <testcase classname="extend_Login.ManpowerCount_TestNG" name="MDS_DirectMP_Trainer" time="0.07"/>
  <testcase classname="extend_Login.ManpowerCount_TestNG" name="MDS_InDirectMP_Anysupportstaff" time="0.074"/>
  <testcase classname="extend_Login.ManpowerCount_TestNG" name="MDS_InDirectMP_Anyotherstaff" time="0.055"/>
  <testcase classname="extend_Login.ManpowerCount_TestNG" name="MDS_DirectMP_Total" time="0.0"/>
  <testcase classname="extend_Login.ManpowerCount_TestNG" name="MDS_InDirectMP_Total" time="0.0"/>
  <testcase classname="extend_Login.ManpowerCount_TestNG" name="ClickOn_CommonMP" time="9.594"/>
  <testcase classname="extend_Login.ManpowerCount_TestNG" name="CommonMP_DirectMP_Manager" time="0.032"/>
  <testcase classname="extend_Login.ManpowerCount_TestNG" name="CommonMP_DirectMP_Executives" time="0.054"/>
  <testcase classname="extend_Login.ManpowerCount_TestNG" name="CommonMP_DirectMP_FieldPersonnel" time="0.037"/>
  <testcase classname="extend_Login.ManpowerCount_TestNG" name="CommonMP_DirectMP_Cashiers" time="0.035"/>
  <testcase classname="extend_Login.ManpowerCount_TestNG" name="CommonMP_DirectMP_Finance_Manager" time="0.032"/>
  <testcase classname="extend_Login.ManpowerCount_TestNG" name="CommonMP_InDirectMP_EDP" time="0.037"/>
  <testcase classname="extend_Login.ManpowerCount_TestNG" name="CommonMP_InDirectMP_HR" time="0.039"/>
  <testcase classname="extend_Login.ManpowerCount_TestNG" name="CommonMP_InDirectMP_Admin" time="0.037"/>
  <testcase classname="extend_Login.ManpowerCount_TestNG" name="CommonMP_InDirectMP_Auditors" time="0.063"/>
  <testcase classname="extend_Login.ManpowerCount_TestNG" name="CommonMP_InDirectMP_Anyothersupportstaff" time="0.078"/>
  <testcase classname="extend_Login.ManpowerCount_TestNG" name="CommonMP_InDirectMP_CEO" time="0.038"/>
  <testcase classname="extend_Login.ManpowerCount_TestNG" name="CommonMP_InDirectMP_Director" time="0.036"/>
  <testcase classname="extend_Login.ManpowerCount_TestNG" name="CommonMP_InDirectMP_ExecutiveDirector" time="0.022"/>
  <testcase classname="extend_Login.ManpowerCount_TestNG" name="CommonMP_InDirectMP_HRHead" time="0.021"/>
  <testcase classname="extend_Login.ManpowerCount_TestNG" name="CommonMP_InDirectMP_Promoters" time="0.021"/>
  <testcase classname="extend_Login.ManpowerCount_TestNG" name="CommonMP_InDirectMP_Owner" time="0.034"/>
  <testcase classname="extend_Login.ManpowerCount_TestNG" name="CommonMP_InDirectMP_AnyOtherTelecallers" time="0.031"/>
  <testcase classname="extend_Login.ManpowerCount_TestNG" name="CommonMP_InDirectMP_Anyotherstaff" time="0.052"/>
  <testcase classname="extend_Login.ManpowerCount_TestNG" name="CommonMP_DirectMP_Total" time="0.0"/>
  <testcase classname="extend_Login.ManpowerCount_TestNG" name="CommonMP_InDirectMP_Total" time="3.013"/>
  <testcase classname="extend_Login.ManpowerCount_TestNG" name="Save_the_Data" time="4.6"/>
  <testcase classname="extend_Login.ManpowerCost_TestNG" name="Clear_Data" time="0.0">
    <skipped/>
  </testcase> <!-- Clear_Data -->
  <testcase classname="extend_Login.ManpowerCost_TestNG" name="NewCar_Salary_DirectMP" time="0.0">
    <skipped/>
  </testcase> <!-- NewCar_Salary_DirectMP -->
  <testcase classname="extend_Login.ManpowerCost_TestNG" name="Save_Data" time="0.0">
    <skipped/>
  </testcase> <!-- Save_Data -->
  <testcase classname="extend_Login.ManpowerCost_TestNG" name="NewCar_Incentive_DirectMP" time="0.0">
    <skipped/>
  </testcase> <!-- NewCar_Incentive_DirectMP -->
  <testcase classname="extend_Login.ManpowerCost_TestNG" name="NewCar_Salary_InDirectMP" time="0.0">
    <skipped/>
  </testcase> <!-- NewCar_Salary_InDirectMP -->
  <testcase classname="extend_Login.ManpowerCost_TestNG" name="NewCar_Incentive_InDirectMP" time="0.0">
    <skipped/>
  </testcase> <!-- NewCar_Incentive_InDirectMP -->
  <testcase classname="extend_Login.ManpowerCost_TestNG" name="NewCar_Total_Salary" time="0.0">
    <skipped/>
  </testcase> <!-- NewCar_Total_Salary -->
  <testcase classname="extend_Login.ManpowerCost_TestNG" name="NewCar_Total_Incentive" time="0.0">
    <skipped/>
  </testcase> <!-- NewCar_Total_Incentive -->
  <testcase classname="extend_Login.ManpowerCost_TestNG" name="NewCar_Total_ManpowerCost" time="0.0">
    <skipped/>
  </testcase> <!-- NewCar_Total_ManpowerCost -->
  <testcase classname="extend_Login.ManpowerCost_TestNG" name="MDS_Salary_DirectMP" time="0.0">
    <skipped/>
  </testcase> <!-- MDS_Salary_DirectMP -->
  <testcase classname="extend_Login.ManpowerCost_TestNG" name="MDS_Incentive_DirectMP" time="0.0">
    <skipped/>
  </testcase> <!-- MDS_Incentive_DirectMP -->
  <testcase classname="extend_Login.ManpowerCost_TestNG" name="MDS_Salary_InDirectMP" time="0.0">
    <skipped/>
  </testcase> <!-- MDS_Salary_InDirectMP -->
  <testcase classname="extend_Login.ManpowerCost_TestNG" name="MDS_Incentive_InDirectMP" time="0.0">
    <skipped/>
  </testcase> <!-- MDS_Incentive_InDirectMP -->
  <testcase classname="extend_Login.ManpowerCost_TestNG" name="MDS_Total_Salary" time="0.0">
    <skipped/>
  </testcase> <!-- MDS_Total_Salary -->
  <testcase classname="extend_Login.ManpowerCost_TestNG" name="MDS_Total_Incentive" time="0.0">
    <skipped/>
  </testcase> <!-- MDS_Total_Incentive -->
  <testcase classname="extend_Login.ManpowerCost_TestNG" name="MDS_Total_ManpowerCost" time="0.0">
    <skipped/>
  </testcase> <!-- MDS_Total_ManpowerCost -->
  <testcase classname="extend_Login.ManpowerCost_TestNG" name="MIRenewal_Salary_DirectMP" time="0.0">
    <skipped/>
  </testcase> <!-- MIRenewal_Salary_DirectMP -->
  <testcase classname="extend_Login.ManpowerCost_TestNG" name="MIRenewal_Incentive_DirectMP" time="0.0">
    <skipped/>
  </testcase> <!-- MIRenewal_Incentive_DirectMP -->
  <testcase classname="extend_Login.ManpowerCost_TestNG" name="MIRenewal_Salary_InDirectMP" time="0.0">
    <skipped/>
  </testcase> <!-- MIRenewal_Salary_InDirectMP -->
  <testcase classname="extend_Login.ManpowerCost_TestNG" name="MIRenewal_Incentive_InDirectMP" time="0.0">
    <skipped/>
  </testcase> <!-- MIRenewal_Incentive_InDirectMP -->
  <testcase classname="extend_Login.ManpowerCost_TestNG" name="MIRenewal_Total_Salary" time="0.0">
    <skipped/>
  </testcase> <!-- MIRenewal_Total_Salary -->
  <testcase classname="extend_Login.ManpowerCost_TestNG" name="MIRenewal_Total_Incentive" time="0.0">
    <skipped/>
  </testcase> <!-- MIRenewal_Total_Incentive -->
  <testcase classname="extend_Login.ManpowerCost_TestNG" name="MIRenewal_Total_ManpowerCost" time="0.0">
    <skipped/>
  </testcase> <!-- MIRenewal_Total_ManpowerCost -->
  <testcase classname="extend_Login.ManpowerCost_TestNG" name="MSGA_Salary_DirectMP" time="0.0">
    <skipped/>
  </testcase> <!-- MSGA_Salary_DirectMP -->
  <testcase classname="extend_Login.ManpowerCost_TestNG" name="MSGA_Incentive_DirectMP" time="0.0">
    <skipped/>
  </testcase> <!-- MSGA_Incentive_DirectMP -->
  <testcase classname="extend_Login.ManpowerCost_TestNG" name="MSGA_Salary_InDirectMP" time="0.0">
    <skipped/>
  </testcase> <!-- MSGA_Salary_InDirectMP -->
  <testcase classname="extend_Login.ManpowerCost_TestNG" name="MSGA_Incentive_InDirectMP" time="0.0">
    <skipped/>
  </testcase> <!-- MSGA_Incentive_InDirectMP -->
  <testcase classname="extend_Login.ManpowerCost_TestNG" name="MSGA_Total_Salary" time="0.0">
    <skipped/>
  </testcase> <!-- MSGA_Total_Salary -->
  <testcase classname="extend_Login.ManpowerCost_TestNG" name="MSGA_Total_Incentive" time="0.0">
    <skipped/>
  </testcase> <!-- MSGA_Total_Incentive -->
  <testcase classname="extend_Login.ManpowerCost_TestNG" name="MSGA_Total_ManpowerCost" time="0.0">
    <skipped/>
  </testcase> <!-- MSGA_Total_ManpowerCost -->
  <testcase classname="extend_Login.ManpowerCost_TestNG" name="True_Value_Salary_DirectMP" time="0.0">
    <skipped/>
  </testcase> <!-- True_Value_Salary_DirectMP -->
  <testcase classname="extend_Login.ManpowerCost_TestNG" name="True_Value_Incentive_DirectMP" time="0.0">
    <skipped/>
  </testcase> <!-- True_Value_Incentive_DirectMP -->
  <testcase classname="extend_Login.ManpowerCost_TestNG" name="True_Value_Salary_InDirectMP" time="0.0">
    <skipped/>
  </testcase> <!-- True_Value_Salary_InDirectMP -->
  <testcase classname="extend_Login.ManpowerCost_TestNG" name="True_Value_Incentive_InDirectMP" time="0.0">
    <skipped/>
  </testcase> <!-- True_Value_Incentive_InDirectMP -->
  <testcase classname="extend_Login.ManpowerCost_TestNG" name="True_Value_Total_Salary" time="0.0">
    <skipped/>
  </testcase> <!-- True_Value_Total_Salary -->
  <testcase classname="extend_Login.ManpowerCost_TestNG" name="True_Value_Total_Incentive" time="0.0">
    <skipped/>
  </testcase> <!-- True_Value_Total_Incentive -->
  <testcase classname="extend_Login.ManpowerCost_TestNG" name="True_Value_Total_ManpowerCost" time="0.0">
    <skipped/>
  </testcase> <!-- True_Value_Total_ManpowerCost -->
  <testcase classname="extend_Login.ManpowerCost_TestNG" name="Spares_Salary_DirectMP" time="0.0">
    <skipped/>
  </testcase> <!-- Spares_Salary_DirectMP -->
  <testcase classname="extend_Login.ManpowerCost_TestNG" name="Spares_Incentive_DirectMP" time="0.0">
    <skipped/>
  </testcase> <!-- Spares_Incentive_DirectMP -->
  <testcase classname="extend_Login.ManpowerCost_TestNG" name="Spares_Salary_InDirectMP" time="0.0">
    <skipped/>
  </testcase> <!-- Spares_Salary_InDirectMP -->
  <testcase classname="extend_Login.ManpowerCost_TestNG" name="Spares_Incentive_InDirectMP" time="0.0">
    <skipped/>
  </testcase> <!-- Spares_Incentive_InDirectMP -->
  <testcase classname="extend_Login.ManpowerCost_TestNG" name="Spares_Total_Salary" time="0.0">
    <skipped/>
  </testcase> <!-- Spares_Total_Salary -->
  <testcase classname="extend_Login.ManpowerCost_TestNG" name="Spares_Total_Incentive" time="0.0">
    <skipped/>
  </testcase> <!-- Spares_Total_Incentive -->
  <testcase classname="extend_Login.ManpowerCost_TestNG" name="Spares_Total_ManpowerCost" time="0.0">
    <skipped/>
  </testcase> <!-- Spares_Total_ManpowerCost -->
  <testcase classname="extend_Login.ManpowerCost_TestNG" name="Service_Salary_DirectMP" time="0.0">
    <skipped/>
  </testcase> <!-- Service_Salary_DirectMP -->
  <testcase classname="extend_Login.ManpowerCost_TestNG" name="Service_Incentive_DirectMP" time="0.0">
    <skipped/>
  </testcase> <!-- Service_Incentive_DirectMP -->
  <testcase classname="extend_Login.ManpowerCost_TestNG" name="Service_Salary_InDirectMP" time="0.0">
    <skipped/>
  </testcase> <!-- Service_Salary_InDirectMP -->
  <testcase classname="extend_Login.ManpowerCost_TestNG" name="Service_Incentive_InDirectMP" time="0.0">
    <skipped/>
  </testcase> <!-- Service_Incentive_InDirectMP -->
  <testcase classname="extend_Login.ManpowerCost_TestNG" name="Service_Total_Salary" time="0.0">
    <skipped/>
  </testcase> <!-- Service_Total_Salary -->
  <testcase classname="extend_Login.ManpowerCost_TestNG" name="Service_Total_Incentive" time="0.0">
    <skipped/>
  </testcase> <!-- Service_Total_Incentive -->
  <testcase classname="extend_Login.ManpowerCost_TestNG" name="Service_Total_ManpowerCost" time="0.0">
    <skipped/>
  </testcase> <!-- Service_Total_ManpowerCost -->
  <testcase classname="extend_Login.ManpowerCost_TestNG" name="Corporate_Office_Salary_DirectMP" time="0.0">
    <skipped/>
  </testcase> <!-- Corporate_Office_Salary_DirectMP -->
  <testcase classname="extend_Login.ManpowerCost_TestNG" name="Corporate_Office_Incentive_DirectMP" time="0.0">
    <skipped/>
  </testcase> <!-- Corporate_Office_Incentive_DirectMP -->
  <testcase classname="extend_Login.ManpowerCost_TestNG" name="Corporate_Office_Salary_InDirectMP" time="0.0">
    <skipped/>
  </testcase> <!-- Corporate_Office_Salary_InDirectMP -->
  <testcase classname="extend_Login.ManpowerCost_TestNG" name="Corporate_Office_Incentive_InDirectMP" time="0.0">
    <skipped/>
  </testcase> <!-- Corporate_Office_Incentive_InDirectMP -->
  <testcase classname="extend_Login.ManpowerCost_TestNG" name="Corporate_Office_Total_Salary" time="0.0">
    <skipped/>
  </testcase> <!-- Corporate_Office_Total_Salary -->
  <testcase classname="extend_Login.ManpowerCost_TestNG" name="Corporate_Office_Total_Incentive" time="0.0">
    <skipped/>
  </testcase> <!-- Corporate_Office_Total_Incentive -->
  <testcase classname="extend_Login.ManpowerCost_TestNG" name="Corporate_Office_Total_ManpowerCost" time="0.0">
    <skipped/>
  </testcase> <!-- Corporate_Office_Total_ManpowerCost -->
  <testcase classname="extend_Login.ManpowerCost_TestNG" name="Total_Salary_DirectMP" time="0.0">
    <skipped/>
  </testcase> <!-- Total_Salary_DirectMP -->
  <testcase classname="extend_Login.ManpowerCost_TestNG" name="Total_Incentive_DirectMP" time="0.0">
    <skipped/>
  </testcase> <!-- Total_Incentive_DirectMP -->
  <testcase classname="extend_Login.ManpowerCost_TestNG" name="Total_Salary_InDirectMP" time="0.0">
    <skipped/>
  </testcase> <!-- Total_Salary_InDirectMP -->
  <testcase classname="extend_Login.ManpowerCost_TestNG" name="Total_Incentive_InDirectMP" time="0.0">
    <skipped/>
  </testcase> <!-- Total_Incentive_InDirectMP -->
  <testcase classname="extend_Login.ManpowerCost_TestNG" name="Total_Total_Salary" time="0.0">
    <skipped/>
  </testcase> <!-- Total_Total_Salary -->
  <testcase classname="extend_Login.ManpowerCost_TestNG" name="Total_Total_Incentive" time="0.0">
    <skipped/>
  </testcase> <!-- Total_Total_Incentive -->
  <testcase classname="extend_Login.ManpowerCost_TestNG" name="Total_Total_ManpowerCost" time="0.0">
    <skipped/>
  </testcase> <!-- Total_Total_ManpowerCost -->
  <testcase classname="extend_Login.ManpowerCost_TestNG" name="ClickOn_ManpowerCount_NewCar" time="0.0">
    <skipped/>
  </testcase> <!-- ClickOn_ManpowerCount_NewCar -->
  <testcase classname="extend_Login.ManpowerCost_TestNG" name="NewCar_Total_Direct_ManpowerCount" time="0.0">
    <skipped/>
  </testcase> <!-- NewCar_Total_Direct_ManpowerCount -->
  <testcase classname="extend_Login.ManpowerCost_TestNG" name="NewCar_Total_InDirect_ManpowerCount" time="0.0">
    <skipped/>
  </testcase> <!-- NewCar_Total_InDirect_ManpowerCount -->
  <testcase classname="extend_Login.ManpowerCost_TestNG" name="ClickOn_ManpowerCount_MSGA" time="0.0">
    <skipped/>
  </testcase> <!-- ClickOn_ManpowerCount_MSGA -->
  <testcase classname="extend_Login.ManpowerCost_TestNG" name="MSGA_Total_Direct_ManpowerCount" time="0.0">
    <skipped/>
  </testcase> <!-- MSGA_Total_Direct_ManpowerCount -->
  <testcase classname="extend_Login.ManpowerCost_TestNG" name="MSGA_Total_InDirect_ManpowerCount" time="0.0">
    <skipped/>
  </testcase> <!-- MSGA_Total_InDirect_ManpowerCount -->
  <testcase classname="extend_Login.ManpowerCost_TestNG" name="ClickOn_ManpowerCount_WBSP" time="0.0">
    <skipped/>
  </testcase> <!-- ClickOn_ManpowerCount_WBSP -->
  <testcase classname="extend_Login.ManpowerCost_TestNG" name="WSBP_Total_Direct_ManpowerCount" time="0.0">
    <skipped/>
  </testcase> <!-- WSBP_Total_Direct_ManpowerCount -->
  <testcase classname="extend_Login.ManpowerCost_TestNG" name="WSBP_Total_InDirect_ManpowerCount" time="0.0">
    <skipped/>
  </testcase> <!-- WSBP_Total_InDirect_ManpowerCount -->
  <testcase classname="extend_Login.ManpowerCost_TestNG" name="ClickOn_ManpowerCount_Spares" time="0.0">
    <skipped/>
  </testcase> <!-- ClickOn_ManpowerCount_Spares -->
  <testcase classname="extend_Login.ManpowerCost_TestNG" name="Spares_Total_Direct_ManpowerCount" time="0.0">
    <skipped/>
  </testcase> <!-- Spares_Total_Direct_ManpowerCount -->
  <testcase classname="extend_Login.ManpowerCost_TestNG" name="Spares_Total_InDirect_ManpowerCount" time="0.0">
    <skipped/>
  </testcase> <!-- Spares_Total_InDirect_ManpowerCount -->
  <testcase classname="extend_Login.ManpowerCost_TestNG" name="ClickOn_ManpowerCount_True_Value" time="0.0">
    <skipped/>
  </testcase> <!-- ClickOn_ManpowerCount_True_Value -->
  <testcase classname="extend_Login.ManpowerCost_TestNG" name="TrueValue_Total_Direct_ManpowerCount" time="0.0">
    <skipped/>
  </testcase> <!-- TrueValue_Total_Direct_ManpowerCount -->
  <testcase classname="extend_Login.ManpowerCost_TestNG" name="TrueValue_Total_InDirect_ManpowerCount" time="0.0">
    <skipped/>
  </testcase> <!-- TrueValue_Total_InDirect_ManpowerCount -->
  <testcase classname="extend_Login.ManpowerCost_TestNG" name="ClickOn_ManpowerCount_MIRenewal" time="0.0">
    <skipped/>
  </testcase> <!-- ClickOn_ManpowerCount_MIRenewal -->
  <testcase classname="extend_Login.ManpowerCost_TestNG" name="MIRenewal_Total_Direct_ManpowerCount" time="0.0">
    <skipped/>
  </testcase> <!-- MIRenewal_Total_Direct_ManpowerCount -->
  <testcase classname="extend_Login.ManpowerCost_TestNG" name="MIRenewal_Total_InDirect_ManpowerCount" time="0.0">
    <skipped/>
  </testcase> <!-- MIRenewal_Total_InDirect_ManpowerCount -->
  <testcase classname="extend_Login.ManpowerCost_TestNG" name="ClickOn_ManpowerCount_MDS" time="0.0">
    <skipped/>
  </testcase> <!-- ClickOn_ManpowerCount_MDS -->
  <testcase classname="extend_Login.ManpowerCost_TestNG" name="MDS_Total_Direct_ManpowerCount" time="0.0">
    <skipped/>
  </testcase> <!-- MDS_Total_Direct_ManpowerCount -->
  <testcase classname="extend_Login.ManpowerCost_TestNG" name="MDS_Total_InDirect_ManpowerCount" time="0.0">
    <skipped/>
  </testcase> <!-- MDS_Total_InDirect_ManpowerCount -->
  <testcase classname="extend_Login.ManpowerCost_TestNG" name="ClickOn_ManpowerCount_CommonManpower" time="0.0">
    <skipped/>
  </testcase> <!-- ClickOn_ManpowerCount_CommonManpower -->
  <testcase classname="extend_Login.ManpowerCost_TestNG" name="CommonManpower_Total_Direct_ManpowerCount" time="0.0">
    <skipped/>
  </testcase> <!-- CommonManpower_Total_Direct_ManpowerCount -->
  <testcase classname="extend_Login.ManpowerCost_TestNG" name="CommonManpower_Total_InDirect_ManpowerCount" time="0.0">
    <skipped/>
  </testcase> <!-- CommonManpower_Total_InDirect_ManpowerCount -->
  <testcase classname="extend_Login.ManpowerCost_TestNG" name="ClickOn_New_Car" time="0.0">
    <skipped/>
  </testcase> <!-- ClickOn_New_Car -->
  <testcase classname="extend_Login.ManpowerCost_TestNG" name="Total_Manpower_Cost_Per_Car" time="0.0">
    <skipped/>
  </testcase> <!-- Total_Manpower_Cost_Per_Car -->
  <testcase classname="extend_Login.ManpowerCost_TestNG" name="ClickOn_ManpowerCost_Again" time="0.0">
    <skipped/>
  </testcase> <!-- ClickOn_ManpowerCost_Again -->
  <testcase classname="extend_Login.ManpowerCost_TestNG" name="New_Car_Total_ManpowerCount" time="0.0">
    <skipped/>
  </testcase> <!-- New_Car_Total_ManpowerCount -->
  <testcase classname="extend_Login.ManpowerCost_TestNG" name="MDS_Total_ManpowerCount" time="0.0">
    <skipped/>
  </testcase> <!-- MDS_Total_ManpowerCount -->
  <testcase classname="extend_Login.ManpowerCost_TestNG" name="MI_Renewal_Total_ManpowerCount" time="0.0">
    <skipped/>
  </testcase> <!-- MI_Renewal_Total_ManpowerCount -->
[...]
  <testcase classname="extend_Login.MSGA" name="MSGA_Margin_Sales_Cost_of_Goods_Sold_Per_new_cars_Income" time="0.002"/>
  <testcase classname="extend_Login.MSGA" name="TCU_Commission_per_new_car_Income" time="0.006"/>
  <testcase classname="extend_Login.MSGA" name="Incentives_earned_on_Accessories_sales_per_new_car_Income" time="0.0"/>
  <testcase classname="extend_Login.MSGA" name="Any_other_MSGA_Income_per_new_car_Income" time="3.001"/>
  <testcase classname="extend_Login.MSGA" name="Click_on_ManPower_Cost" time="8.097"/>
  <testcase classname="extend_Login.MSGA" name="Total_manpower_cost_MSGA___Matches_the_values___Manpower_Cost_Salary_AND_Incentive_In_MSGA" time="0.002"/>
  <testcase classname="extend_Login.MSGA" name="Discount_Bill_discount_Per_NEW_car_Expenses" time="3.011"/>
  <testcase classname="extend_Login.MSGA" name="Manpower_Cost_Salary_AND_Incentive_Per_NEW_car_Expenses" time="0.002"/>
  <testcase classname="extend_Login.MSGA" name="click_on_IntrestCost" time="8.002"/>
  <testcase classname="extend_Login.MSGA" name="Total_Interest_Paid_on_ST_Loans_MSGA___Matches_the_values___Short_Term_Interest_Cost_MSGA" time="0.001"/>
  <testcase classname="extend_Login.MSGA" name="Short_Term_Interest_Cost_MSGA_Per_new_Car_EXPENSES" time="0.002"/>
  <testcase classname="extend_Login.MSGA" name="Any_Other_Expense_MSGA_only__Per_new_Car_EXPENSES" time="0.002"/>
  <testcase classname="extend_Login.MSGA" name="Total_MSGA_Income_A" time="0.001"/>
  <testcase classname="extend_Login.MSGA" name="Total_MSGA_Income_A_Per_New_Car_Income" time="0.001"/>
  <testcase classname="extend_Login.MSGA" name="Net_earning_from_MSGA" time="0.002"/>
  <testcase classname="extend_Login.MSGA" name="Net_earning_from_MSGA_Per_new_CARS_Income" time="0.001"/>
  <testcase classname="extend_Login.MSGA" name="Total_MSGA_Income_B_Per_New_Car_Expense" time="0.001"/>
  <testcase classname="extend_Login.True_value" name="clearData" time="11.195"/>
  <testcase classname="extend_Login.True_value" name="Save_the_Data" time="6.512"/>
  <testcase classname="extend_Login.True_value" name="POC_Sales_Amount" time="0.067"/>
  <testcase classname="extend_Login.True_value" name="POC_Sales_COGS____Opening_Stocks____A____QTY" time="0.043"/>
  <testcase classname="extend_Login.True_value" name="POC_Sales_COGS____Opening_Stocks____A____Amount" time="0.038"/>
  <testcase classname="extend_Login.True_value" name="POC_Sales_COGS____Purchase____B____QTY" time="0.04"/>
  <testcase classname="extend_Login.True_value" name="POC_Sales_COGS____Purchase____B____amount" time="0.04"/>
  <testcase classname="extend_Login.True_value" name="POC_Sales_COGS____Closing_Stock____C____Qty" time="0.039"/>
  <testcase classname="extend_Login.True_value" name="POC_Sales_COGS____Closing_Stock____C____Amount" time="0.04"/>
  <testcase classname="extend_Login.True_value" name="POC_Sales_Incentive_amount_In_Income" time="0.039"/>
  <testcase classname="extend_Login.True_value" name="Finance_Commission_Amount_In_Income" time="0.061"/>
  <testcase classname="extend_Login.True_value" name="Insurance_Commission_Amount_In_Income" time="0.037"/>
  <testcase classname="extend_Login.True_value" name="Net_Earnings_from_registration_Amount_In_Income" time="0.038"/>
  <testcase classname="extend_Login.True_value" name="Any_other_POC_Sales_Income_Amount_In_Income" time="0.038"/>
  <testcase classname="extend_Login.True_value" name="Refurbishment_Cost_Amount_In_Expense" time="0.035"/>
  <testcase classname="extend_Login.True_value" name="Free_Service_Cost_Amount_In_Expense" time="0.032"/>
  <testcase classname="extend_Login.True_value" name="Advertisement_Marketing_Promotional_Amount_In_Expense" time="0.035"/>
  <testcase classname="extend_Login.True_value" name="Hyperlocal_Expense_Amount_In_Expense" time="0.041"/>
  <testcase classname="extend_Login.True_value" name="Management_Fees_to_MSIL_Amount_In_Expense" time="0.041"/>
  <testcase classname="extend_Login.True_value" name="Warranty_Cost_Amount_In_Expense" time="0.043"/>
  <testcase classname="extend_Login.True_value" name="Any_Other_Expense_Amount_In_Expense" time="0.042"/>
  <testcase classname="extend_Login.True_value" name="POC_Sales_Quantity" time="0.001"/>
  <testcase classname="extend_Login.True_value" name="Per_POC_Sales_Rs" time="0.001"/>
  <testcase classname="extend_Login.True_value" name="Cost_Of_Goods_Sold" time="0.001"/>
  <testcase classname="extend_Login.True_value" name="POC_Sales_Margin_Amount_In_Income" time="0.001"/>
  <testcase classname="extend_Login.True_value" name="Click_on_NewCars" time="5.087"/>
  <testcase classname="extend_Login.True_value" name="POC_Sales_Margin_per_New_Car_Income" time="0.0"/>
  <testcase classname="extend_Login.True_value" name="POC_Sales_Incentive_per_New_Car_Income" time="0.0"/>
  <testcase classname="extend_Login.True_value" name="Finance_Commission_per_New_Car_Income" time="0.0"/>
  <testcase classname="extend_Login.True_value" name="Insurance_Commission_per_New_Car_Income" time="0.0"/>
  <testcase classname="extend_Login.True_value" name="Net_Earnings_from_registration_per_New_Car_Income" time="0.0"/>
  <testcase classname="extend_Login.True_value" name="Any_other_POC_Sales_Income_per_New_Car_Income" time="0.012"/>
  <testcase classname="extend_Login.True_value" name="click_on_ManPowerCost" time="9.072"/>
  <testcase classname="extend_Login.True_value" name="Manpower_Cost_salary_and_Incentives_AMOUNT" time="0.0"/>
  <testcase classname="extend_Login.True_value" name="Manpower_Cost_salary_and_Incentives_per_new_cars_Expenses" time="0.0"/>
  <testcase classname="extend_Login.True_value" name="click_on_IntrestCost" time="9.05"/>
  <testcase classname="extend_Login.True_value" name="Short_Term_Interest_Cost_AMOUNT" time="0.0"/>
  <testcase classname="extend_Login.True_value" name="Short_Term_Interest_Cost__Per_new_CARS_expenses" time="0.0"/>
  <testcase classname="extend_Login.True_value" name="Refurbishment_Cost_Per_new_CARS_expenses" time="0.0"/>
  <testcase classname="extend_Login.True_value" name="Free_Service_Cost_Per_new_CARS_expenses" time="0.0"/>
  <testcase classname="extend_Login.True_value" name="Advertisement_Marketing_Promotional_Per_new_CARS_expenses" time="0.0"/>
  <testcase classname="extend_Login.True_value" name="Hyperlocal_Expense_Per_new_CARS_expenses" time="0.0"/>
  <testcase classname="extend_Login.True_value" name="Management_Fees_to_MSIL_Per_new_CARS_expenses" time="0.0"/>
  <testcase classname="extend_Login.True_value" name="Warranty_Cost_Per_new_CARS_expenses" time="0.0"/>
  <testcase classname="extend_Login.True_value" name="Any_other_Expense_POC_Sales_only_Per_new_CARS_expenses" time="0.0"/>
  <testcase classname="extend_Login.True_value" name="Total_POC_Sales_Income_A" time="0.001"/>
  <testcase classname="extend_Login.True_value" name="Net_earning_from_POC_Sales_In_Totals" time="0.0"/>
  <testcase classname="extend_Login.True_value" name="Total_POC_Sales_Direct_Expense_B" time="0.0"/>
  <testcase classname="extend_Login.True_value" name="Total_POC_Sales_Income_A_per_new_CARS" time="0.004"/>
  <testcase classname="extend_Login.True_value" name="Net_earning_from_POC_Sales_In__per_new_CARS" time="0.0"/>
  <testcase classname="extend_Login.True_value" name="Total_POC_Sales_Direct_Expense_B_per_new_cars" time="0.0"/>
  <testcase classname="extend_Login.Spares" name="Clear_Data" time="16.361"/>
  <testcase classname="extend_Login.Spares" name="Save_Data" time="5.832"/>
  <testcase classname="extend_Login.Spares" name="ClickOn_Service" time="3.917"/>
  <testcase classname="extend_Login.Spares" name="ClickOn_NewCar" time="6.862"/>
  <testcase classname="extend_Login.Spares" name="ClickOn_Manpower_Cost" time="3.912"/>
  <testcase classname="extend_Login.Spares" name="ClickOn_Interest_Cost" time="3.747"/>
  <testcase classname="extend_Login.Spares" name="ClickOn_Spares" time="3.202"/>
  <testcase classname="extend_Login.Spares" name="Spares_Sales_Workshop_Amount" time="0.078"/>
  <testcase classname="extend_Login.Spares" name="Spares_Sales_Workshop_SalesPerLoad" time="0.0"/>
  <testcase classname="extend_Login.Spares" name="Spares_Sales_Bodyshop_Amount" time="0.079"/>
  <testcase classname="extend_Login.Spares" name="Spares_Sales_Bodyshop_SalesPerLoad" time="0.0"/>
  <testcase classname="extend_Login.Spares" name="SparesSales_Sales_of_Oil_Amount" time="0.084"/>
  <testcase classname="extend_Login.Spares" name="SparesSales_Other_Sales_Amount" time="0.073"/>
  <testcase classname="extend_Login.Spares" name="SpareSales_Total_Spares_Sales" time="0.0"/>
  <testcase classname="extend_Login.Spares" name="SparesCOGS_Spares_Parts_Opening_Stock" time="0.08"/>
  <testcase classname="extend_Login.Spares" name="SparesCOGS_Spares_Parts_Purchase" time="0.064"/>
  <testcase classname="extend_Login.Spares" name="SparesCOGS_Spares_Parts_Closing_Stock" time="0.047"/>
  <testcase classname="extend_Login.Spares" name="SparesCOGS_Oil_Opening_Stock" time="0.049"/>
  <testcase classname="extend_Login.Spares" name="SparesCOGS_Oil_Purchase" time="0.045"/>
  <testcase classname="extend_Login.Spares" name="SparesCOGS_Oil_Closing_Stock" time="0.081"/>
  <testcase classname="extend_Login.Spares" name="SparesCOGS_Tyres_Battery_Polish_Opening_Stock" time="0.031"/>
  <testcase classname="extend_Login.Spares" name="SparesCOGS_Tyres_Battery_Polish_Purchase" time="0.043"/>
  <testcase classname="extend_Login.Spares" name="SparesCOGS_Tyres_Battery_Polish_Closing_Stock" time="0.048"/>
  <testcase classname="extend_Login.Spares" name="SparesCOGS_Consumables_Opening_Stock" time="0.047"/>
  <testcase classname="extend_Login.Spares" name="SparesCOGS_Consumables_Purchase" time="0.047"/>
  <testcase classname="extend_Login.Spares" name="SparesCOGS_Consumables_Closing_Stock" time="0.047"/>
  <testcase classname="extend_Login.Spares" name="Spares_COGS_Cost_Of_Goods_Sold" time="0.0"/>
  <testcase classname="extend_Login.Spares" name="Spares_Income_Spares_Margin_Amount" time="0.0"/>
  <testcase classname="extend_Login.Spares" name="Spares_Income_Spares_Margin_PerNewCar" time="0.0"/>
  <testcase classname="extend_Login.Spares" name="Spares_Income_Incentive_from_Spare_parts_sale" time="1.07"/>
  <testcase classname="extend_Login.Spares" name="Spares_Income_Incentive_from_Spare_parts_sale_PerNewCar" time="0.0"/>
  <testcase classname="extend_Login.Spares" name="Spares_Income_Spare_Parts_Warranty_Claims" time="1.051"/>
  <testcase classname="extend_Login.Spares" name="Spares_Income_Spare_Parts_Warranty_Claims_PerNewCar" time="0.0"/>
  <testcase classname="extend_Login.Spares" name="Spares_Income_Scrap_Sales_Cardboard_Cartons" time="1.087"/>
  <testcase classname="extend_Login.Spares" name="Spares_Income_Scrap_Sales_Cardboard_Cartons_PerNewCar" time="0.0"/>
  <testcase classname="extend_Login.Spares" name="Spares_Income_Any_other_Spares_Income" time="1.094"/>
  <testcase classname="extend_Login.Spares" name="Spares_Income_Any_other_Spares_Income_PerNewCar" time="0.0"/>
  <testcase classname="extend_Login.Spares" name="Spares_Expense_Manpower_Cost" time="0.0"/>
  <testcase classname="extend_Login.Spares" name="Spares_Expense_Manpower_Cost_PerNewCar" time="0.0"/>
  <testcase classname="extend_Login.Spares" name="Spares_Expense_Short_term_Interest_Cost" time="0.0"/>
  <testcase classname="extend_Login.Spares" name="Spares_Expense_Short_term_Interest_Cost_PerNewCar" time="0.0"/>
  <testcase classname="extend_Login.Spares" name="Spares_Expense_Discount_Bill_discount" time="1.105"/>
  <testcase classname="extend_Login.Spares" name="Spares_Expense_Discount_Bill_discount_PerNewCar" time="0.0"/>
  <testcase classname="extend_Login.Spares" name="Spares_Expense_Discount_through_Workshop" time="1.091"/>
  <testcase classname="extend_Login.Spares" name="Spares_Expense_Discount_through_Workshop_PerNewCar" time="0.0"/>
  <testcase classname="extend_Login.Spares" name="Spares_Expense_Discount_any_others" time="1.092"/>
  <testcase classname="extend_Login.Spares" name="Spares_Expense_Discount_any_others_PerNewCar" time="0.0"/>
  <testcase classname="extend_Login.Spares" name="Spares_Expense_Any_other_Expense" time="1.092"/>
  <testcase classname="extend_Login.Spares" name="Spares_Expense_Any_other_Expense_PerNewCar" time="0.0"/>
  <testcase classname="extend_Login.Spares" name="Total_Spares_Income" time="0.0"/>
  <testcase classname="extend_Login.Spares" name="Total_Spares_Income_PerNewCar" time="0.0"/>
  <testcase classname="extend_Login.Spares" name="Total_Spares_Direct_Expense" time="0.0"/>
  <testcase classname="extend_Login.Spares" name="Total_Spares_Direct_Expense_PerNewCar" time="0.0"/>
  <testcase classname="extend_Login.Spares" name="Net_earning_from_Spares" time="0.0"/>
  <testcase classname="extend_Login.Spares" name="Net_earning_from_Spares_PerNewCar" time="0.0"/>
  <testcase classname="extend_Login.SERVICE" name="Click_on_NewCars" time="9.171"/>
  <testcase classname="extend_Login.SERVICE" name="Clear_Data" time="18.325"/>
  <testcase classname="extend_Login.SERVICE" name="Save_the_Data" time="5.528"/>
  <testcase classname="extend_Login.SERVICE" name="Free_Service_Load_Workshop____QTY" time="0.077"/>
  <testcase classname="extend_Login.SERVICE" name="Bodyshop_Load____QTY" time="0.063"/>
  <testcase classname="extend_Login.SERVICE" name="Paid_AND_Running_Repairs_Load____QTY" time="0.047"/>
  <testcase classname="extend_Login.SERVICE" name="Labour_charges_Work_shop_In_INCOME" time="0.047"/>
  <testcase classname="extend_Login.SERVICE" name="Labour_charges_Bodyshop_In_INCOME" time="0.045"/>
  <testcase classname="extend_Login.SERVICE" name="Labour_charges_Warranty_claims_In_INCOME" time="0.024"/>
  <testcase classname="extend_Login.SERVICE" name="Free_service_Receipts_In_INCOME" time="0.023"/>
  <testcase classname="extend_Login.SERVICE" name="Transit_Damage_Claim_In_INCOME" time="0.022"/>
  <testcase classname="extend_Login.SERVICE" name="Scrap_Sales_In_INCOME" time="0.025"/>
  <testcase classname="extend_Login.SERVICE" name="EW_Commisison_In_INCOME" time="0.031"/>
  <testcase classname="extend_Login.SERVICE" name="Service_Incentive_In_INCOME" time="0.047"/>
  <testcase classname="extend_Login.SERVICE" name="CRI_Incentive_payout_In_INCOME" time="0.032"/>
  <testcase classname="extend_Login.SERVICE" name="PDI_Incentive_payout_In_INCOME" time="0.031"/>
  <testcase classname="extend_Login.SERVICE" name="CCP_Renewal_Commission_In_INCOME" time="0.047"/>
  <testcase classname="extend_Login.SERVICE" name="Any_other_Service_Income_In_INCOME" time="0.028"/>
  <testcase classname="extend_Login.SERVICE" name="Contractual_Labour_Workshop_In_EXPENSE" time="0.047"/>
  <testcase classname="extend_Login.SERVICE" name="Contractual_Labour_Bodyshop_In_EXPENSE" time="0.035"/>
  <testcase classname="extend_Login.SERVICE" name="Any_other_Job_done_by_external_agency_In_EXPENSE" time="0.032"/>
  <testcase classname="extend_Login.SERVICE" name="Free_Service_Payout_In_EXPENSE" time="0.031"/>
  <testcase classname="extend_Login.SERVICE" name="Advertisement_Marketing_Promotional_In_EXPENSE" time="0.032"/>
  <testcase classname="extend_Login.SERVICE" name="Hyperlocal_Expense_In_EXPENSE" time="0.062"/>
  <testcase classname="extend_Login.SERVICE" name="Discount_Bill_discount_In_EXPENSE" time="0.063"/>
  <testcase classname="extend_Login.SERVICE" name="Discount_under_MSR_Autocard_My_Nexa_In_EXPENSE" time="0.063"/>
  <testcase classname="extend_Login.SERVICE" name="Cost_of_Consumption_of_Paints_In_EXPENSE" time="0.063"/>
  <testcase classname="extend_Login.SERVICE" name="Any_other_Expense_Service_Only_In_EXPENSE" time="0.063"/>
  <testcase classname="extend_Login.SERVICE" name="Labour_charges_Work_shop_per_Load_In_Income" time="0.016"/>
  <testcase classname="extend_Login.SERVICE" name="Labour_charges_Bodyshop_Accidental_per_Load_In_Income" time="0.0"/>
  <testcase classname="extend_Login.SERVICE" name="Manpower_Cost_Salary_Incentive_per_New_cars_Expenses" time="0.0"/>
  <testcase classname="extend_Login.SERVICE" name="Short_Term_Interest_Cost_Service__per_New_cars_Expenses" time="0.0"/>
  <testcase classname="extend_Login.SERVICE" name="Contractual_Labour_Workshop__per_New_cars_Expenses" time="0.0"/>
  <testcase classname="extend_Login.SERVICE" name="Contractual_Labour_Bodyshop__per_New_cars_Expenses" time="0.0"/>
  <testcase classname="extend_Login.SERVICE" name="Any_other_Job_done_by_external_agency__per_New_cars_Expenses" time="0.0"/>
  <testcase classname="extend_Login.SERVICE" name="Free_Service_Payout__per_New_cars_Expenses" time="0.015"/>
  <testcase classname="extend_Login.SERVICE" name="Advertisement_Marketing_Promotional__per_New_cars_Expenses" time="0.0"/>
  <testcase classname="extend_Login.SERVICE" name="Hyperlocal_Expense__per_New_cars_Expenses" time="0.0"/>
  <testcase classname="extend_Login.SERVICE" name="Discount_Bill_discount__per_New_cars_Expenses" time="0.0"/>
  <testcase classname="extend_Login.SERVICE" name="Discount_under_MSR__per_New_cars_Expenses" time="0.0"/>
  <testcase classname="extend_Login.SERVICE" name="Cost_of_Consumption_of_Paints__per_New_cars_Expenses" time="0.0"/>
  <testcase classname="extend_Login.SERVICE" name="Any_other_Expense_Service_Only__per_New_cars_Expenses" time="1.01"/>
  <testcase classname="extend_Login.SERVICE" name="Total_Service_Income_A__per_New_cars_Expenses" time="1.008"/>
  <testcase classname="extend_Login.SERVICE" name="Total_Service_Income_A_per_New_Cars" time="1.018"/>
  <testcase classname="extend_Login.SERVICE" name="Net_earning_from_Service_A_B" time="1.003"/>
  <testcase classname="extend_Login.SERVICE" name="Net_earning_from_Service_A_B_per_New_Cars" time="1.015"/>
  <testcase classname="extend_Login.SERVICE" name="Total_Service_Direct_Expense_B" time="1.013"/>
  <testcase classname="extend_Login.SERVICE" name="Total_Service_Direct_Expense_B_per_New_cars" time="1.017"/>
  <testcase classname="extend_Login.SERVICE" name="click_on_ManPowerCost" time="3.872"/>
  <testcase classname="extend_Login.SERVICE" name="click_on_IntrestCost" time="9.223"/>
  <testcase classname="extend_Login.SERVICE" name="Manpower_Cost_MAtches_from__total_manpowercost" time="0.0"/>
  <testcase classname="extend_Login.SERVICE" name="Short_Term_Interest_Cost_Service_MAtches_from__IntrestCost_Modules" time="0.0"/>
  <testcase classname="extend_Login.KEy_Financials" name="click_on_IntrestCost" time="5.138"/>
  <testcase classname="extend_Login.KEy_Financials" name="Clear_Data" time="3.446"/>
  <testcase classname="extend_Login.KEy_Financials" name="sendTheVAlues" time="3.136"/>
  <testcase classname="extend_Login.KEy_Financials" name="Save_the_Data" time="1.653"/>
  <testcase classname="extend_Login.KEy_Financials" name="Share_Capital" time="0.036"/>
  <testcase classname="extend_Login.KEy_Financials" name="Reserves_Surplus" time="0.042"/>
  <testcase classname="extend_Login.KEy_Financials" name="Long_term_Debt" time="0.012"/>
  <testcase classname="extend_Login.KEy_Financials" name="Short_term_Debt" time="0.0"/>
  <testcase classname="extend_Login.KEy_Financials" name="Cash_in_Hand" time="0.044"/>
  <testcase classname="extend_Login.KEy_Financials" name="Closing_Stock" time="0.035"/>
  <testcase classname="extend_Login.KEy_Financials" name="Creditors" time="0.032"/>
  <testcase classname="extend_Login.KEy_Financials" name="Current_Asset" time="0.048"/>
  <testcase classname="extend_Login.KEy_Financials" name="Current_Liabilities" time="0.031"/>
  <testcase classname="extend_Login.KEy_Financials" name="Debtors" time="0.041"/>
  <testcase classname="extend_Login.KEy_Financials" name="Deferred_Tax_Liability" time="0.04"/>
  <testcase classname="extend_Login.KEy_Financials" name="Investment" time="0.045"/>
  <testcase classname="extend_Login.KEy_Financials" name="Loans_Advances" time="0.046"/>
  <testcase classname="extend_Login.KEy_Financials" name="Total_Asset" time="0.049"/>
  <testcase classname="extend_Login.KEy_Financials" name="Total_Liabilities" time="0.046"/>
</testsuite> <!-- DBP -->
